[0.051s] Invoking command in '/home/anthonyubuntu/Desktop/inmind/session9/Anthony-Moundalak-ROS2-AssignmentCPP-Session9/ros2_ws/build/my_interface': CMAKE_PREFIX_PATH=${CMAKE_PREFIX_PATH}:/opt/ros/humble /usr/bin/cmake --build /home/anthonyubuntu/Desktop/inmind/session9/Anthony-Moundalak-ROS2-AssignmentCPP-Session9/ros2_ws/build/my_interface -- -j4 -l4
[0.484s] [  2%] Built target my_interface__cpp
[0.695s] [  2%] Built target ament_cmake_python_copy_my_interface
[0.745s] [ 12%] Built target my_interface__rosidl_typesupport_fastrtps_cpp
[0.789s] [ 23%] Built target my_interface__rosidl_typesupport_introspection_cpp
[1.363s] running egg_info
[1.365s] writing my_interface.egg-info/PKG-INFO
[1.366s] writing dependency_links to my_interface.egg-info/dependency_links.txt
[1.366s] writing top-level names to my_interface.egg-info/top_level.txt
[1.377s] reading manifest file 'my_interface.egg-info/SOURCES.txt'
[1.379s] writing manifest file 'my_interface.egg-info/SOURCES.txt'
[1.466s] [ 23%] Built target ament_cmake_python_build_my_interface_egg
[1.550s] [ 33%] Built target my_interface__rosidl_typesupport_cpp
[1.632s] [ 43%] Built target my_interface__rosidl_generator_c
[1.685s] [ 53%] Built target my_interface__rosidl_typesupport_fastrtps_c
[1.736s] [ 64%] Built target my_interface__rosidl_typesupport_c
[1.796s] [ 74%] Built target my_interface__rosidl_typesupport_introspection_c
[1.838s] [ 74%] Built target my_interface
[1.889s] [ 76%] Built target my_interface__py
[1.971s] [ 84%] Built target my_interface__rosidl_generator_py
[2.029s] [ 89%] Built target my_interface__rosidl_typesupport_fastrtps_c__pyext
[2.079s] [ 94%] Built target my_interface__rosidl_typesupport_c__pyext
[2.130s] [100%] Built target my_interface__rosidl_typesupport_introspection_c__pyext
[2.158s] Invoked command in '/home/anthonyubuntu/Desktop/inmind/session9/Anthony-Moundalak-ROS2-AssignmentCPP-Session9/ros2_ws/build/my_interface' returned '0': CMAKE_PREFIX_PATH=${CMAKE_PREFIX_PATH}:/opt/ros/humble /usr/bin/cmake --build /home/anthonyubuntu/Desktop/inmind/session9/Anthony-Moundalak-ROS2-AssignmentCPP-Session9/ros2_ws/build/my_interface -- -j4 -l4
[2.431s] Invoking command in '/home/anthonyubuntu/Desktop/inmind/session9/Anthony-Moundalak-ROS2-AssignmentCPP-Session9/ros2_ws/build/my_interface': CMAKE_PREFIX_PATH=${CMAKE_PREFIX_PATH}:/opt/ros/humble /usr/bin/cmake --install /home/anthonyubuntu/Desktop/inmind/session9/Anthony-Moundalak-ROS2-AssignmentCPP-Session9/ros2_ws/build/my_interface
[2.512s] -- Install configuration: ""
[2.542s] -- Up-to-date: /home/anthonyubuntu/Desktop/inmind/session9/Anthony-Moundalak-ROS2-AssignmentCPP-Session9/ros2_ws/install/my_interface/share/ament_index/resource_index/rosidl_interfaces/my_interface
[2.542s] -- Up-to-date: /home/anthonyubuntu/Desktop/inmind/session9/Anthony-Moundalak-ROS2-AssignmentCPP-Session9/ros2_ws/install/my_interface/include/my_interface/my_interface
[2.543s] -- Up-to-date: /home/anthonyubuntu/Desktop/inmind/session9/Anthony-Moundalak-ROS2-AssignmentCPP-Session9/ros2_ws/install/my_interface/include/my_interface/my_interface/srv
[2.543s] -- Up-to-date: /home/anthonyubuntu/Desktop/inmind/session9/Anthony-Moundalak-ROS2-AssignmentCPP-Session9/ros2_ws/install/my_interface/include/my_interface/my_interface/srv/detail
[2.543s] -- Up-to-date: /home/anthonyubuntu/Desktop/inmind/session9/Anthony-Moundalak-ROS2-AssignmentCPP-Session9/ros2_ws/install/my_interface/include/my_interface/my_interface/srv/detail/find_closest_wall__type_support.h
[2.543s] -- Up-to-date: /home/anthonyubuntu/Desktop/inmind/session9/Anthony-Moundalak-ROS2-AssignmentCPP-Session9/ros2_ws/install/my_interface/include/my_interface/my_interface/srv/detail/find_closest_wall__functions.c
[2.543s] -- Up-to-date: /home/anthonyubuntu/Desktop/inmind/session9/Anthony-Moundalak-ROS2-AssignmentCPP-Session9/ros2_ws/install/my_interface/include/my_interface/my_interface/srv/detail/find_closest_wall__struct.h
[2.543s] -- Up-to-date: /home/anthonyubuntu/Desktop/inmind/session9/Anthony-Moundalak-ROS2-AssignmentCPP-Session9/ros2_ws/install/my_interface/include/my_interface/my_interface/srv/detail/find_closest_wall__functions.h
[2.544s] -- Up-to-date: /home/anthonyubuntu/Desktop/inmind/session9/Anthony-Moundalak-ROS2-AssignmentCPP-Session9/ros2_ws/install/my_interface/include/my_interface/my_interface/srv/find_closest_wall.h
[2.544s] -- Up-to-date: /home/anthonyubuntu/Desktop/inmind/session9/Anthony-Moundalak-ROS2-AssignmentCPP-Session9/ros2_ws/install/my_interface/include/my_interface/my_interface/msg
[2.544s] -- Up-to-date: /home/anthonyubuntu/Desktop/inmind/session9/Anthony-Moundalak-ROS2-AssignmentCPP-Session9/ros2_ws/install/my_interface/include/my_interface/my_interface/msg/rosidl_generator_c__visibility_control.h
[2.545s] -- Up-to-date: /home/anthonyubuntu/Desktop/inmind/session9/Anthony-Moundalak-ROS2-AssignmentCPP-Session9/ros2_ws/install/my_interface/include/my_interface/my_interface/action
[2.545s] -- Up-to-date: /home/anthonyubuntu/Desktop/inmind/session9/Anthony-Moundalak-ROS2-AssignmentCPP-Session9/ros2_ws/install/my_interface/include/my_interface/my_interface/action/detail
[2.545s] -- Up-to-date: /home/anthonyubuntu/Desktop/inmind/session9/Anthony-Moundalak-ROS2-AssignmentCPP-Session9/ros2_ws/install/my_interface/include/my_interface/my_interface/action/detail/measure_lap_time__functions.c
[2.545s] -- Up-to-date: /home/anthonyubuntu/Desktop/inmind/session9/Anthony-Moundalak-ROS2-AssignmentCPP-Session9/ros2_ws/install/my_interface/include/my_interface/my_interface/action/detail/measure_lap_time__type_support.h
[2.545s] -- Up-to-date: /home/anthonyubuntu/Desktop/inmind/session9/Anthony-Moundalak-ROS2-AssignmentCPP-Session9/ros2_ws/install/my_interface/include/my_interface/my_interface/action/detail/measure_lap_time__struct.h
[2.545s] -- Up-to-date: /home/anthonyubuntu/Desktop/inmind/session9/Anthony-Moundalak-ROS2-AssignmentCPP-Session9/ros2_ws/install/my_interface/include/my_interface/my_interface/action/detail/measure_lap_time__functions.h
[2.546s] -- Up-to-date: /home/anthonyubuntu/Desktop/inmind/session9/Anthony-Moundalak-ROS2-AssignmentCPP-Session9/ros2_ws/install/my_interface/include/my_interface/my_interface/action/measure_lap_time.h
[2.546s] -- Up-to-date: /home/anthonyubuntu/Desktop/inmind/session9/Anthony-Moundalak-ROS2-AssignmentCPP-Session9/ros2_ws/install/my_interface/share/my_interface/environment/library_path.sh
[2.546s] -- Up-to-date: /home/anthonyubuntu/Desktop/inmind/session9/Anthony-Moundalak-ROS2-AssignmentCPP-Session9/ros2_ws/install/my_interface/share/my_interface/environment/library_path.dsv
[2.571s] -- Up-to-date: /home/anthonyubuntu/Desktop/inmind/session9/Anthony-Moundalak-ROS2-AssignmentCPP-Session9/ros2_ws/install/my_interface/lib/libmy_interface__rosidl_generator_c.so
[2.571s] -- Up-to-date: /home/anthonyubuntu/Desktop/inmind/session9/Anthony-Moundalak-ROS2-AssignmentCPP-Session9/ros2_ws/install/my_interface/include/my_interface/my_interface
[2.571s] -- Up-to-date: /home/anthonyubuntu/Desktop/inmind/session9/Anthony-Moundalak-ROS2-AssignmentCPP-Session9/ros2_ws/install/my_interface/include/my_interface/my_interface/srv
[2.571s] -- Up-to-date: /home/anthonyubuntu/Desktop/inmind/session9/Anthony-Moundalak-ROS2-AssignmentCPP-Session9/ros2_ws/install/my_interface/include/my_interface/my_interface/srv/detail
[2.572s] -- Up-to-date: /home/anthonyubuntu/Desktop/inmind/session9/Anthony-Moundalak-ROS2-AssignmentCPP-Session9/ros2_ws/install/my_interface/include/my_interface/my_interface/srv/detail/find_closest_wall__rosidl_typesupport_fastrtps_c.h
[2.573s] -- Up-to-date: /home/anthonyubuntu/Desktop/inmind/session9/Anthony-Moundalak-ROS2-AssignmentCPP-Session9/ros2_ws/install/my_interface/include/my_interface/my_interface/msg
[2.573s] -- Up-to-date: /home/anthonyubuntu/Desktop/inmind/session9/Anthony-Moundalak-ROS2-AssignmentCPP-Session9/ros2_ws/install/my_interface/include/my_interface/my_interface/msg/rosidl_typesupport_fastrtps_c__visibility_control.h
[2.574s] -- Up-to-date: /home/anthonyubuntu/Desktop/inmind/session9/Anthony-Moundalak-ROS2-AssignmentCPP-Session9/ros2_ws/install/my_interface/include/my_interface/my_interface/action
[2.575s] -- Up-to-date: /home/anthonyubuntu/Desktop/inmind/session9/Anthony-Moundalak-ROS2-AssignmentCPP-Session9/ros2_ws/install/my_interface/include/my_interface/my_interface/action/detail
[2.576s] -- Up-to-date: /home/anthonyubuntu/Desktop/inmind/session9/Anthony-Moundalak-ROS2-AssignmentCPP-Session9/ros2_ws/install/my_interface/include/my_interface/my_interface/action/detail/measure_lap_time__rosidl_typesupport_fastrtps_c.h
[2.576s] -- Up-to-date: /home/anthonyubuntu/Desktop/inmind/session9/Anthony-Moundalak-ROS2-AssignmentCPP-Session9/ros2_ws/install/my_interface/lib/libmy_interface__rosidl_typesupport_fastrtps_c.so
[2.576s] -- Up-to-date: /home/anthonyubuntu/Desktop/inmind/session9/Anthony-Moundalak-ROS2-AssignmentCPP-Session9/ros2_ws/install/my_interface/include/my_interface/my_interface
[2.576s] -- Up-to-date: /home/anthonyubuntu/Desktop/inmind/session9/Anthony-Moundalak-ROS2-AssignmentCPP-Session9/ros2_ws/install/my_interface/include/my_interface/my_interface/srv
[2.577s] -- Up-to-date: /home/anthonyubuntu/Desktop/inmind/session9/Anthony-Moundalak-ROS2-AssignmentCPP-Session9/ros2_ws/install/my_interface/include/my_interface/my_interface/srv/detail
[2.577s] -- Up-to-date: /home/anthonyubuntu/Desktop/inmind/session9/Anthony-Moundalak-ROS2-AssignmentCPP-Session9/ros2_ws/install/my_interface/include/my_interface/my_interface/srv/detail/find_closest_wall__rosidl_typesupport_introspection_c.h
[2.577s] -- Up-to-date: /home/anthonyubuntu/Desktop/inmind/session9/Anthony-Moundalak-ROS2-AssignmentCPP-Session9/ros2_ws/install/my_interface/include/my_interface/my_interface/srv/detail/find_closest_wall__type_support.c
[2.577s] -- Up-to-date: /home/anthonyubuntu/Desktop/inmind/session9/Anthony-Moundalak-ROS2-AssignmentCPP-Session9/ros2_ws/install/my_interface/include/my_interface/my_interface/msg
[2.578s] -- Up-to-date: /home/anthonyubuntu/Desktop/inmind/session9/Anthony-Moundalak-ROS2-AssignmentCPP-Session9/ros2_ws/install/my_interface/include/my_interface/my_interface/msg/rosidl_typesupport_introspection_c__visibility_control.h
[2.578s] -- Up-to-date: /home/anthonyubuntu/Desktop/inmind/session9/Anthony-Moundalak-ROS2-AssignmentCPP-Session9/ros2_ws/install/my_interface/include/my_interface/my_interface/action
[2.578s] -- Up-to-date: /home/anthonyubuntu/Desktop/inmind/session9/Anthony-Moundalak-ROS2-AssignmentCPP-Session9/ros2_ws/install/my_interface/include/my_interface/my_interface/action/detail
[2.578s] -- Up-to-date: /home/anthonyubuntu/Desktop/inmind/session9/Anthony-Moundalak-ROS2-AssignmentCPP-Session9/ros2_ws/install/my_interface/include/my_interface/my_interface/action/detail/measure_lap_time__type_support.c
[2.579s] -- Up-to-date: /home/anthonyubuntu/Desktop/inmind/session9/Anthony-Moundalak-ROS2-AssignmentCPP-Session9/ros2_ws/install/my_interface/include/my_interface/my_interface/action/detail/measure_lap_time__rosidl_typesupport_introspection_c.h
[2.579s] -- Up-to-date: /home/anthonyubuntu/Desktop/inmind/session9/Anthony-Moundalak-ROS2-AssignmentCPP-Session9/ros2_ws/install/my_interface/lib/libmy_interface__rosidl_typesupport_introspection_c.so
[2.579s] -- Up-to-date: /home/anthonyubuntu/Desktop/inmind/session9/Anthony-Moundalak-ROS2-AssignmentCPP-Session9/ros2_ws/install/my_interface/lib/libmy_interface__rosidl_typesupport_c.so
[2.579s] -- Up-to-date: /home/anthonyubuntu/Desktop/inmind/session9/Anthony-Moundalak-ROS2-AssignmentCPP-Session9/ros2_ws/install/my_interface/include/my_interface/my_interface
[2.580s] -- Up-to-date: /home/anthonyubuntu/Desktop/inmind/session9/Anthony-Moundalak-ROS2-AssignmentCPP-Session9/ros2_ws/install/my_interface/include/my_interface/my_interface/srv
[2.580s] -- Up-to-date: /home/anthonyubuntu/Desktop/inmind/session9/Anthony-Moundalak-ROS2-AssignmentCPP-Session9/ros2_ws/install/my_interface/include/my_interface/my_interface/srv/detail
[2.580s] -- Up-to-date: /home/anthonyubuntu/Desktop/inmind/session9/Anthony-Moundalak-ROS2-AssignmentCPP-Session9/ros2_ws/install/my_interface/include/my_interface/my_interface/srv/detail/find_closest_wall__builder.hpp
[2.580s] -- Up-to-date: /home/anthonyubuntu/Desktop/inmind/session9/Anthony-Moundalak-ROS2-AssignmentCPP-Session9/ros2_ws/install/my_interface/include/my_interface/my_interface/srv/detail/find_closest_wall__traits.hpp
[2.580s] -- Up-to-date: /home/anthonyubuntu/Desktop/inmind/session9/Anthony-Moundalak-ROS2-AssignmentCPP-Session9/ros2_ws/install/my_interface/include/my_interface/my_interface/srv/detail/find_closest_wall__struct.hpp
[2.581s] -- Up-to-date: /home/anthonyubuntu/Desktop/inmind/session9/Anthony-Moundalak-ROS2-AssignmentCPP-Session9/ros2_ws/install/my_interface/include/my_interface/my_interface/srv/find_closest_wall.hpp
[2.581s] -- Up-to-date: /home/anthonyubuntu/Desktop/inmind/session9/Anthony-Moundalak-ROS2-AssignmentCPP-Session9/ros2_ws/install/my_interface/include/my_interface/my_interface/action
[2.581s] -- Up-to-date: /home/anthonyubuntu/Desktop/inmind/session9/Anthony-Moundalak-ROS2-AssignmentCPP-Session9/ros2_ws/install/my_interface/include/my_interface/my_interface/action/detail
[2.581s] -- Up-to-date: /home/anthonyubuntu/Desktop/inmind/session9/Anthony-Moundalak-ROS2-AssignmentCPP-Session9/ros2_ws/install/my_interface/include/my_interface/my_interface/action/detail/measure_lap_time__struct.hpp
[2.581s] -- Up-to-date: /home/anthonyubuntu/Desktop/inmind/session9/Anthony-Moundalak-ROS2-AssignmentCPP-Session9/ros2_ws/install/my_interface/include/my_interface/my_interface/action/detail/measure_lap_time__builder.hpp
[2.581s] -- Up-to-date: /home/anthonyubuntu/Desktop/inmind/session9/Anthony-Moundalak-ROS2-AssignmentCPP-Session9/ros2_ws/install/my_interface/include/my_interface/my_interface/action/detail/measure_lap_time__traits.hpp
[2.581s] -- Up-to-date: /home/anthonyubuntu/Desktop/inmind/session9/Anthony-Moundalak-ROS2-AssignmentCPP-Session9/ros2_ws/install/my_interface/include/my_interface/my_interface/action/measure_lap_time.hpp
[2.581s] -- Up-to-date: /home/anthonyubuntu/Desktop/inmind/session9/Anthony-Moundalak-ROS2-AssignmentCPP-Session9/ros2_ws/install/my_interface/include/my_interface/my_interface
[2.582s] -- Up-to-date: /home/anthonyubuntu/Desktop/inmind/session9/Anthony-Moundalak-ROS2-AssignmentCPP-Session9/ros2_ws/install/my_interface/include/my_interface/my_interface/srv
[2.582s] -- Up-to-date: /home/anthonyubuntu/Desktop/inmind/session9/Anthony-Moundalak-ROS2-AssignmentCPP-Session9/ros2_ws/install/my_interface/include/my_interface/my_interface/srv/detail
[2.582s] -- Up-to-date: /home/anthonyubuntu/Desktop/inmind/session9/Anthony-Moundalak-ROS2-AssignmentCPP-Session9/ros2_ws/install/my_interface/include/my_interface/my_interface/srv/detail/find_closest_wall__rosidl_typesupport_fastrtps_cpp.hpp
[2.582s] -- Up-to-date: /home/anthonyubuntu/Desktop/inmind/session9/Anthony-Moundalak-ROS2-AssignmentCPP-Session9/ros2_ws/install/my_interface/include/my_interface/my_interface/srv/detail/dds_fastrtps
[2.582s] -- Up-to-date: /home/anthonyubuntu/Desktop/inmind/session9/Anthony-Moundalak-ROS2-AssignmentCPP-Session9/ros2_ws/install/my_interface/include/my_interface/my_interface/msg
[2.582s] -- Up-to-date: /home/anthonyubuntu/Desktop/inmind/session9/Anthony-Moundalak-ROS2-AssignmentCPP-Session9/ros2_ws/install/my_interface/include/my_interface/my_interface/msg/rosidl_typesupport_fastrtps_cpp__visibility_control.h
[2.582s] -- Up-to-date: /home/anthonyubuntu/Desktop/inmind/session9/Anthony-Moundalak-ROS2-AssignmentCPP-Session9/ros2_ws/install/my_interface/include/my_interface/my_interface/action
[2.582s] -- Up-to-date: /home/anthonyubuntu/Desktop/inmind/session9/Anthony-Moundalak-ROS2-AssignmentCPP-Session9/ros2_ws/install/my_interface/include/my_interface/my_interface/action/detail
[2.582s] -- Up-to-date: /home/anthonyubuntu/Desktop/inmind/session9/Anthony-Moundalak-ROS2-AssignmentCPP-Session9/ros2_ws/install/my_interface/include/my_interface/my_interface/action/detail/measure_lap_time__rosidl_typesupport_fastrtps_cpp.hpp
[2.583s] -- Up-to-date: /home/anthonyubuntu/Desktop/inmind/session9/Anthony-Moundalak-ROS2-AssignmentCPP-Session9/ros2_ws/install/my_interface/include/my_interface/my_interface/action/detail/dds_fastrtps
[2.583s] -- Up-to-date: /home/anthonyubuntu/Desktop/inmind/session9/Anthony-Moundalak-ROS2-AssignmentCPP-Session9/ros2_ws/install/my_interface/lib/libmy_interface__rosidl_typesupport_fastrtps_cpp.so
[2.583s] -- Up-to-date: /home/anthonyubuntu/Desktop/inmind/session9/Anthony-Moundalak-ROS2-AssignmentCPP-Session9/ros2_ws/install/my_interface/include/my_interface/my_interface
[2.583s] -- Up-to-date: /home/anthonyubuntu/Desktop/inmind/session9/Anthony-Moundalak-ROS2-AssignmentCPP-Session9/ros2_ws/install/my_interface/include/my_interface/my_interface/srv
[2.583s] -- Up-to-date: /home/anthonyubuntu/Desktop/inmind/session9/Anthony-Moundalak-ROS2-AssignmentCPP-Session9/ros2_ws/install/my_interface/include/my_interface/my_interface/srv/detail
[2.583s] -- Up-to-date: /home/anthonyubuntu/Desktop/inmind/session9/Anthony-Moundalak-ROS2-AssignmentCPP-Session9/ros2_ws/install/my_interface/include/my_interface/my_interface/srv/detail/find_closest_wall__type_support.cpp
[2.583s] -- Up-to-date: /home/anthonyubuntu/Desktop/inmind/session9/Anthony-Moundalak-ROS2-AssignmentCPP-Session9/ros2_ws/install/my_interface/include/my_interface/my_interface/srv/detail/find_closest_wall__rosidl_typesupport_introspection_cpp.hpp
[2.584s] -- Up-to-date: /home/anthonyubuntu/Desktop/inmind/session9/Anthony-Moundalak-ROS2-AssignmentCPP-Session9/ros2_ws/install/my_interface/include/my_interface/my_interface/action
[2.584s] -- Up-to-date: /home/anthonyubuntu/Desktop/inmind/session9/Anthony-Moundalak-ROS2-AssignmentCPP-Session9/ros2_ws/install/my_interface/include/my_interface/my_interface/action/detail
[2.584s] -- Up-to-date: /home/anthonyubuntu/Desktop/inmind/session9/Anthony-Moundalak-ROS2-AssignmentCPP-Session9/ros2_ws/install/my_interface/include/my_interface/my_interface/action/detail/measure_lap_time__rosidl_typesupport_introspection_cpp.hpp
[2.584s] -- Up-to-date: /home/anthonyubuntu/Desktop/inmind/session9/Anthony-Moundalak-ROS2-AssignmentCPP-Session9/ros2_ws/install/my_interface/include/my_interface/my_interface/action/detail/measure_lap_time__type_support.cpp
[2.584s] -- Up-to-date: /home/anthonyubuntu/Desktop/inmind/session9/Anthony-Moundalak-ROS2-AssignmentCPP-Session9/ros2_ws/install/my_interface/lib/libmy_interface__rosidl_typesupport_introspection_cpp.so
[2.585s] -- Up-to-date: /home/anthonyubuntu/Desktop/inmind/session9/Anthony-Moundalak-ROS2-AssignmentCPP-Session9/ros2_ws/install/my_interface/lib/libmy_interface__rosidl_typesupport_cpp.so
[2.585s] -- Up-to-date: /home/anthonyubuntu/Desktop/inmind/session9/Anthony-Moundalak-ROS2-AssignmentCPP-Session9/ros2_ws/install/my_interface/share/my_interface/environment/pythonpath.sh
[2.585s] -- Up-to-date: /home/anthonyubuntu/Desktop/inmind/session9/Anthony-Moundalak-ROS2-AssignmentCPP-Session9/ros2_ws/install/my_interface/share/my_interface/environment/pythonpath.dsv
[2.585s] -- Up-to-date: /home/anthonyubuntu/Desktop/inmind/session9/Anthony-Moundalak-ROS2-AssignmentCPP-Session9/ros2_ws/install/my_interface/local/lib/python3.10/dist-packages/my_interface-0.0.0-py3.10.egg-info
[2.585s] -- Installing: /home/anthonyubuntu/Desktop/inmind/session9/Anthony-Moundalak-ROS2-AssignmentCPP-Session9/ros2_ws/install/my_interface/local/lib/python3.10/dist-packages/my_interface-0.0.0-py3.10.egg-info/dependency_links.txt
[2.585s] -- Installing: /home/anthonyubuntu/Desktop/inmind/session9/Anthony-Moundalak-ROS2-AssignmentCPP-Session9/ros2_ws/install/my_interface/local/lib/python3.10/dist-packages/my_interface-0.0.0-py3.10.egg-info/top_level.txt
[2.585s] -- Installing: /home/anthonyubuntu/Desktop/inmind/session9/Anthony-Moundalak-ROS2-AssignmentCPP-Session9/ros2_ws/install/my_interface/local/lib/python3.10/dist-packages/my_interface-0.0.0-py3.10.egg-info/PKG-INFO
[2.586s] -- Installing: /home/anthonyubuntu/Desktop/inmind/session9/Anthony-Moundalak-ROS2-AssignmentCPP-Session9/ros2_ws/install/my_interface/local/lib/python3.10/dist-packages/my_interface-0.0.0-py3.10.egg-info/SOURCES.txt
[2.586s] -- Up-to-date: /home/anthonyubuntu/Desktop/inmind/session9/Anthony-Moundalak-ROS2-AssignmentCPP-Session9/ros2_ws/install/my_interface/local/lib/python3.10/dist-packages/my_interface
[2.586s] -- Up-to-date: /home/anthonyubuntu/Desktop/inmind/session9/Anthony-Moundalak-ROS2-AssignmentCPP-Session9/ros2_ws/install/my_interface/local/lib/python3.10/dist-packages/my_interface/__init__.py
[2.586s] -- Up-to-date: /home/anthonyubuntu/Desktop/inmind/session9/Anthony-Moundalak-ROS2-AssignmentCPP-Session9/ros2_ws/install/my_interface/local/lib/python3.10/dist-packages/my_interface/srv
[2.586s] -- Up-to-date: /home/anthonyubuntu/Desktop/inmind/session9/Anthony-Moundalak-ROS2-AssignmentCPP-Session9/ros2_ws/install/my_interface/local/lib/python3.10/dist-packages/my_interface/srv/_find_closest_wall.py
[2.587s] -- Up-to-date: /home/anthonyubuntu/Desktop/inmind/session9/Anthony-Moundalak-ROS2-AssignmentCPP-Session9/ros2_ws/install/my_interface/local/lib/python3.10/dist-packages/my_interface/srv/__init__.py
[2.587s] -- Up-to-date: /home/anthonyubuntu/Desktop/inmind/session9/Anthony-Moundalak-ROS2-AssignmentCPP-Session9/ros2_ws/install/my_interface/local/lib/python3.10/dist-packages/my_interface/srv/_find_closest_wall_s.c
[2.587s] -- Up-to-date: /home/anthonyubuntu/Desktop/inmind/session9/Anthony-Moundalak-ROS2-AssignmentCPP-Session9/ros2_ws/install/my_interface/local/lib/python3.10/dist-packages/my_interface/my_interface_s__rosidl_typesupport_fastrtps_c.cpython-310-x86_64-linux-gnu.so
[2.587s] -- Up-to-date: /home/anthonyubuntu/Desktop/inmind/session9/Anthony-Moundalak-ROS2-AssignmentCPP-Session9/ros2_ws/install/my_interface/local/lib/python3.10/dist-packages/my_interface/my_interface_s__rosidl_typesupport_c.cpython-310-x86_64-linux-gnu.so
[2.587s] -- Up-to-date: /home/anthonyubuntu/Desktop/inmind/session9/Anthony-Moundalak-ROS2-AssignmentCPP-Session9/ros2_ws/install/my_interface/local/lib/python3.10/dist-packages/my_interface/_my_interface_s.ep.rosidl_typesupport_introspection_c.c
[2.587s] -- Up-to-date: /home/anthonyubuntu/Desktop/inmind/session9/Anthony-Moundalak-ROS2-AssignmentCPP-Session9/ros2_ws/install/my_interface/local/lib/python3.10/dist-packages/my_interface/libmy_interface__rosidl_generator_py.so
[2.587s] -- Up-to-date: /home/anthonyubuntu/Desktop/inmind/session9/Anthony-Moundalak-ROS2-AssignmentCPP-Session9/ros2_ws/install/my_interface/local/lib/python3.10/dist-packages/my_interface/my_interface_s__rosidl_typesupport_introspection_c.cpython-310-x86_64-linux-gnu.so
[2.588s] -- Up-to-date: /home/anthonyubuntu/Desktop/inmind/session9/Anthony-Moundalak-ROS2-AssignmentCPP-Session9/ros2_ws/install/my_interface/local/lib/python3.10/dist-packages/my_interface/_my_interface_s.ep.rosidl_typesupport_c.c
[2.588s] -- Up-to-date: /home/anthonyubuntu/Desktop/inmind/session9/Anthony-Moundalak-ROS2-AssignmentCPP-Session9/ros2_ws/install/my_interface/local/lib/python3.10/dist-packages/my_interface/_my_interface_s.ep.rosidl_typesupport_fastrtps_c.c
[2.588s] -- Up-to-date: /home/anthonyubuntu/Desktop/inmind/session9/Anthony-Moundalak-ROS2-AssignmentCPP-Session9/ros2_ws/install/my_interface/local/lib/python3.10/dist-packages/my_interface/action
[2.588s] -- Up-to-date: /home/anthonyubuntu/Desktop/inmind/session9/Anthony-Moundalak-ROS2-AssignmentCPP-Session9/ros2_ws/install/my_interface/local/lib/python3.10/dist-packages/my_interface/action/__init__.py
[2.589s] -- Up-to-date: /home/anthonyubuntu/Desktop/inmind/session9/Anthony-Moundalak-ROS2-AssignmentCPP-Session9/ros2_ws/install/my_interface/local/lib/python3.10/dist-packages/my_interface/action/_measure_lap_time.py
[2.589s] -- Up-to-date: /home/anthonyubuntu/Desktop/inmind/session9/Anthony-Moundalak-ROS2-AssignmentCPP-Session9/ros2_ws/install/my_interface/local/lib/python3.10/dist-packages/my_interface/action/_measure_lap_time_s.c
[2.649s] Listing '/home/anthonyubuntu/Desktop/inmind/session9/Anthony-Moundalak-ROS2-AssignmentCPP-Session9/ros2_ws/install/my_interface/local/lib/python3.10/dist-packages/my_interface'...
[2.650s] Listing '/home/anthonyubuntu/Desktop/inmind/session9/Anthony-Moundalak-ROS2-AssignmentCPP-Session9/ros2_ws/install/my_interface/local/lib/python3.10/dist-packages/my_interface/action'...
[2.650s] Listing '/home/anthonyubuntu/Desktop/inmind/session9/Anthony-Moundalak-ROS2-AssignmentCPP-Session9/ros2_ws/install/my_interface/local/lib/python3.10/dist-packages/my_interface/srv'...
[2.659s] -- Up-to-date: /home/anthonyubuntu/Desktop/inmind/session9/Anthony-Moundalak-ROS2-AssignmentCPP-Session9/ros2_ws/install/my_interface/local/lib/python3.10/dist-packages/my_interface/my_interface_s__rosidl_typesupport_fastrtps_c.cpython-310-x86_64-linux-gnu.so
[2.660s] -- Up-to-date: /home/anthonyubuntu/Desktop/inmind/session9/Anthony-Moundalak-ROS2-AssignmentCPP-Session9/ros2_ws/install/my_interface/local/lib/python3.10/dist-packages/my_interface/my_interface_s__rosidl_typesupport_introspection_c.cpython-310-x86_64-linux-gnu.so
[2.661s] -- Up-to-date: /home/anthonyubuntu/Desktop/inmind/session9/Anthony-Moundalak-ROS2-AssignmentCPP-Session9/ros2_ws/install/my_interface/local/lib/python3.10/dist-packages/my_interface/my_interface_s__rosidl_typesupport_c.cpython-310-x86_64-linux-gnu.so
[2.661s] -- Up-to-date: /home/anthonyubuntu/Desktop/inmind/session9/Anthony-Moundalak-ROS2-AssignmentCPP-Session9/ros2_ws/install/my_interface/lib/libmy_interface__rosidl_generator_py.so
[2.661s] -- Up-to-date: /home/anthonyubuntu/Desktop/inmind/session9/Anthony-Moundalak-ROS2-AssignmentCPP-Session9/ros2_ws/install/my_interface/share/my_interface/action/MeasureLapTime.idl
[2.662s] -- Up-to-date: /home/anthonyubuntu/Desktop/inmind/session9/Anthony-Moundalak-ROS2-AssignmentCPP-Session9/ros2_ws/install/my_interface/share/my_interface/srv/FindClosestWall.idl
[2.662s] -- Up-to-date: /home/anthonyubuntu/Desktop/inmind/session9/Anthony-Moundalak-ROS2-AssignmentCPP-Session9/ros2_ws/install/my_interface/share/my_interface/action/MeasureLapTime.action
[2.662s] -- Up-to-date: /home/anthonyubuntu/Desktop/inmind/session9/Anthony-Moundalak-ROS2-AssignmentCPP-Session9/ros2_ws/install/my_interface/share/my_interface/srv/FindClosestWall.srv
[2.662s] -- Up-to-date: /home/anthonyubuntu/Desktop/inmind/session9/Anthony-Moundalak-ROS2-AssignmentCPP-Session9/ros2_ws/install/my_interface/share/my_interface/srv/FindClosestWall_Request.msg
[2.662s] -- Up-to-date: /home/anthonyubuntu/Desktop/inmind/session9/Anthony-Moundalak-ROS2-AssignmentCPP-Session9/ros2_ws/install/my_interface/share/my_interface/srv/FindClosestWall_Response.msg
[2.663s] -- Up-to-date: /home/anthonyubuntu/Desktop/inmind/session9/Anthony-Moundalak-ROS2-AssignmentCPP-Session9/ros2_ws/install/my_interface/share/ament_index/resource_index/package_run_dependencies/my_interface
[2.663s] -- Up-to-date: /home/anthonyubuntu/Desktop/inmind/session9/Anthony-Moundalak-ROS2-AssignmentCPP-Session9/ros2_ws/install/my_interface/share/ament_index/resource_index/parent_prefix_path/my_interface
[2.663s] -- Up-to-date: /home/anthonyubuntu/Desktop/inmind/session9/Anthony-Moundalak-ROS2-AssignmentCPP-Session9/ros2_ws/install/my_interface/share/my_interface/environment/ament_prefix_path.sh
[2.663s] -- Up-to-date: /home/anthonyubuntu/Desktop/inmind/session9/Anthony-Moundalak-ROS2-AssignmentCPP-Session9/ros2_ws/install/my_interface/share/my_interface/environment/ament_prefix_path.dsv
[2.663s] -- Up-to-date: /home/anthonyubuntu/Desktop/inmind/session9/Anthony-Moundalak-ROS2-AssignmentCPP-Session9/ros2_ws/install/my_interface/share/my_interface/environment/path.sh
[2.663s] -- Up-to-date: /home/anthonyubuntu/Desktop/inmind/session9/Anthony-Moundalak-ROS2-AssignmentCPP-Session9/ros2_ws/install/my_interface/share/my_interface/environment/path.dsv
[2.663s] -- Up-to-date: /home/anthonyubuntu/Desktop/inmind/session9/Anthony-Moundalak-ROS2-AssignmentCPP-Session9/ros2_ws/install/my_interface/share/my_interface/local_setup.bash
[2.663s] -- Up-to-date: /home/anthonyubuntu/Desktop/inmind/session9/Anthony-Moundalak-ROS2-AssignmentCPP-Session9/ros2_ws/install/my_interface/share/my_interface/local_setup.sh
[2.663s] -- Up-to-date: /home/anthonyubuntu/Desktop/inmind/session9/Anthony-Moundalak-ROS2-AssignmentCPP-Session9/ros2_ws/install/my_interface/share/my_interface/local_setup.zsh
[2.665s] -- Up-to-date: /home/anthonyubuntu/Desktop/inmind/session9/Anthony-Moundalak-ROS2-AssignmentCPP-Session9/ros2_ws/install/my_interface/share/my_interface/local_setup.dsv
[2.665s] -- Installing: /home/anthonyubuntu/Desktop/inmind/session9/Anthony-Moundalak-ROS2-AssignmentCPP-Session9/ros2_ws/install/my_interface/share/my_interface/package.dsv
[2.668s] -- Up-to-date: /home/anthonyubuntu/Desktop/inmind/session9/Anthony-Moundalak-ROS2-AssignmentCPP-Session9/ros2_ws/install/my_interface/share/ament_index/resource_index/packages/my_interface
[2.671s] -- Up-to-date: /home/anthonyubuntu/Desktop/inmind/session9/Anthony-Moundalak-ROS2-AssignmentCPP-Session9/ros2_ws/install/my_interface/share/my_interface/cmake/export_my_interface__rosidl_generator_cExport.cmake
[2.672s] -- Up-to-date: /home/anthonyubuntu/Desktop/inmind/session9/Anthony-Moundalak-ROS2-AssignmentCPP-Session9/ros2_ws/install/my_interface/share/my_interface/cmake/export_my_interface__rosidl_generator_cExport-noconfig.cmake
[2.672s] -- Up-to-date: /home/anthonyubuntu/Desktop/inmind/session9/Anthony-Moundalak-ROS2-AssignmentCPP-Session9/ros2_ws/install/my_interface/share/my_interface/cmake/export_my_interface__rosidl_typesupport_fastrtps_cExport.cmake
[2.673s] -- Up-to-date: /home/anthonyubuntu/Desktop/inmind/session9/Anthony-Moundalak-ROS2-AssignmentCPP-Session9/ros2_ws/install/my_interface/share/my_interface/cmake/export_my_interface__rosidl_typesupport_fastrtps_cExport-noconfig.cmake
[2.673s] -- Up-to-date: /home/anthonyubuntu/Desktop/inmind/session9/Anthony-Moundalak-ROS2-AssignmentCPP-Session9/ros2_ws/install/my_interface/share/my_interface/cmake/my_interface__rosidl_typesupport_introspection_cExport.cmake
[2.673s] -- Up-to-date: /home/anthonyubuntu/Desktop/inmind/session9/Anthony-Moundalak-ROS2-AssignmentCPP-Session9/ros2_ws/install/my_interface/share/my_interface/cmake/my_interface__rosidl_typesupport_introspection_cExport-noconfig.cmake
[2.674s] -- Up-to-date: /home/anthonyubuntu/Desktop/inmind/session9/Anthony-Moundalak-ROS2-AssignmentCPP-Session9/ros2_ws/install/my_interface/share/my_interface/cmake/my_interface__rosidl_typesupport_cExport.cmake
[2.674s] -- Up-to-date: /home/anthonyubuntu/Desktop/inmind/session9/Anthony-Moundalak-ROS2-AssignmentCPP-Session9/ros2_ws/install/my_interface/share/my_interface/cmake/my_interface__rosidl_typesupport_cExport-noconfig.cmake
[2.675s] -- Up-to-date: /home/anthonyubuntu/Desktop/inmind/session9/Anthony-Moundalak-ROS2-AssignmentCPP-Session9/ros2_ws/install/my_interface/share/my_interface/cmake/export_my_interface__rosidl_generator_cppExport.cmake
[2.675s] -- Up-to-date: /home/anthonyubuntu/Desktop/inmind/session9/Anthony-Moundalak-ROS2-AssignmentCPP-Session9/ros2_ws/install/my_interface/share/my_interface/cmake/export_my_interface__rosidl_typesupport_fastrtps_cppExport.cmake
[2.675s] -- Up-to-date: /home/anthonyubuntu/Desktop/inmind/session9/Anthony-Moundalak-ROS2-AssignmentCPP-Session9/ros2_ws/install/my_interface/share/my_interface/cmake/export_my_interface__rosidl_typesupport_fastrtps_cppExport-noconfig.cmake
[2.675s] -- Up-to-date: /home/anthonyubuntu/Desktop/inmind/session9/Anthony-Moundalak-ROS2-AssignmentCPP-Session9/ros2_ws/install/my_interface/share/my_interface/cmake/my_interface__rosidl_typesupport_introspection_cppExport.cmake
[2.675s] -- Up-to-date: /home/anthonyubuntu/Desktop/inmind/session9/Anthony-Moundalak-ROS2-AssignmentCPP-Session9/ros2_ws/install/my_interface/share/my_interface/cmake/my_interface__rosidl_typesupport_introspection_cppExport-noconfig.cmake
[2.676s] -- Up-to-date: /home/anthonyubuntu/Desktop/inmind/session9/Anthony-Moundalak-ROS2-AssignmentCPP-Session9/ros2_ws/install/my_interface/share/my_interface/cmake/my_interface__rosidl_typesupport_cppExport.cmake
[2.676s] -- Up-to-date: /home/anthonyubuntu/Desktop/inmind/session9/Anthony-Moundalak-ROS2-AssignmentCPP-Session9/ros2_ws/install/my_interface/share/my_interface/cmake/my_interface__rosidl_typesupport_cppExport-noconfig.cmake
[2.676s] -- Up-to-date: /home/anthonyubuntu/Desktop/inmind/session9/Anthony-Moundalak-ROS2-AssignmentCPP-Session9/ros2_ws/install/my_interface/share/my_interface/cmake/export_my_interface__rosidl_generator_pyExport.cmake
[2.676s] -- Up-to-date: /home/anthonyubuntu/Desktop/inmind/session9/Anthony-Moundalak-ROS2-AssignmentCPP-Session9/ros2_ws/install/my_interface/share/my_interface/cmake/export_my_interface__rosidl_generator_pyExport-noconfig.cmake
[2.676s] -- Up-to-date: /home/anthonyubuntu/Desktop/inmind/session9/Anthony-Moundalak-ROS2-AssignmentCPP-Session9/ros2_ws/install/my_interface/share/my_interface/cmake/rosidl_cmake-extras.cmake
[2.677s] -- Up-to-date: /home/anthonyubuntu/Desktop/inmind/session9/Anthony-Moundalak-ROS2-AssignmentCPP-Session9/ros2_ws/install/my_interface/share/my_interface/cmake/ament_cmake_export_dependencies-extras.cmake
[2.677s] -- Up-to-date: /home/anthonyubuntu/Desktop/inmind/session9/Anthony-Moundalak-ROS2-AssignmentCPP-Session9/ros2_ws/install/my_interface/share/my_interface/cmake/ament_cmake_export_include_directories-extras.cmake
[2.677s] -- Up-to-date: /home/anthonyubuntu/Desktop/inmind/session9/Anthony-Moundalak-ROS2-AssignmentCPP-Session9/ros2_ws/install/my_interface/share/my_interface/cmake/ament_cmake_export_libraries-extras.cmake
[2.677s] -- Up-to-date: /home/anthonyubuntu/Desktop/inmind/session9/Anthony-Moundalak-ROS2-AssignmentCPP-Session9/ros2_ws/install/my_interface/share/my_interface/cmake/ament_cmake_export_targets-extras.cmake
[2.677s] -- Up-to-date: /home/anthonyubuntu/Desktop/inmind/session9/Anthony-Moundalak-ROS2-AssignmentCPP-Session9/ros2_ws/install/my_interface/share/my_interface/cmake/rosidl_cmake_export_typesupport_targets-extras.cmake
[2.677s] -- Up-to-date: /home/anthonyubuntu/Desktop/inmind/session9/Anthony-Moundalak-ROS2-AssignmentCPP-Session9/ros2_ws/install/my_interface/share/my_interface/cmake/rosidl_cmake_export_typesupport_libraries-extras.cmake
[2.678s] -- Up-to-date: /home/anthonyubuntu/Desktop/inmind/session9/Anthony-Moundalak-ROS2-AssignmentCPP-Session9/ros2_ws/install/my_interface/share/my_interface/cmake/my_interfaceConfig.cmake
[2.678s] -- Up-to-date: /home/anthonyubuntu/Desktop/inmind/session9/Anthony-Moundalak-ROS2-AssignmentCPP-Session9/ros2_ws/install/my_interface/share/my_interface/cmake/my_interfaceConfig-version.cmake
[2.678s] -- Up-to-date: /home/anthonyubuntu/Desktop/inmind/session9/Anthony-Moundalak-ROS2-AssignmentCPP-Session9/ros2_ws/install/my_interface/share/my_interface/package.xml
[2.681s] Invoked command in '/home/anthonyubuntu/Desktop/inmind/session9/Anthony-Moundalak-ROS2-AssignmentCPP-Session9/ros2_ws/build/my_interface' returned '0': CMAKE_PREFIX_PATH=${CMAKE_PREFIX_PATH}:/opt/ros/humble /usr/bin/cmake --install /home/anthonyubuntu/Desktop/inmind/session9/Anthony-Moundalak-ROS2-AssignmentCPP-Session9/ros2_ws/build/my_interface
