[ 25%] Built target robot_driver
[ 50%] Built target lap_time_action_client
[35m[1mConsolidate compiler generated dependencies of target lap_time_action_server[0m
[ 62%] [32mBuilding CXX object CMakeFiles/lap_time_action_server.dir/src/lap_time_action_server.cpp.o[0m
[ 75%] [32m[1mLinking CXX executable lap_time_action_server[0m
[ 75%] Built target lap_time_action_server
[35m[1mConsolidate compiler generated dependencies of target wall_finder_service[0m
[ 87%] [32mBuilding CXX object CMakeFiles/wall_finder_service.dir/src/wall_finder_service.cpp.o[0m
[100%] [32m[1mLinking CXX executable wall_finder_service[0m
[100%] Built target wall_finder_service
-- Install configuration: ""
-- Up-to-date: /home/anthonyubuntu/Desktop/inmind/session9/Anthony-Moundalak-ROS2-AssignmentCPP-Session9/ros2_ws/install/turtlebot_navigation/lib/turtlebot_navigation/robot_driver
-- Installing: /home/anthonyubuntu/Desktop/inmind/session9/Anthony-Moundalak-ROS2-AssignmentCPP-Session9/ros2_ws/install/turtlebot_navigation/lib/turtlebot_navigation/wall_finder_service
-- Set runtime path of "/home/anthonyubuntu/Desktop/inmind/session9/Anthony-Moundalak-ROS2-AssignmentCPP-Session9/ros2_ws/install/turtlebot_navigation/lib/turtlebot_navigation/wall_finder_service" to ""
-- Installing: /home/anthonyubuntu/Desktop/inmind/session9/Anthony-Moundalak-ROS2-AssignmentCPP-Session9/ros2_ws/install/turtlebot_navigation/lib/turtlebot_navigation/lap_time_action_server
-- Set runtime path of "/home/anthonyubuntu/Desktop/inmind/session9/Anthony-Moundalak-ROS2-AssignmentCPP-Session9/ros2_ws/install/turtlebot_navigation/lib/turtlebot_navigation/lap_time_action_server" to ""
-- Up-to-date: /home/anthonyubuntu/Desktop/inmind/session9/Anthony-Moundalak-ROS2-AssignmentCPP-Session9/ros2_ws/install/turtlebot_navigation/lib/turtlebot_navigation/lap_time_action_client
-- Up-to-date: /home/anthonyubuntu/Desktop/inmind/session9/Anthony-Moundalak-ROS2-AssignmentCPP-Session9/ros2_ws/install/turtlebot_navigation/share/turtlebot_navigation/launch
-- Up-to-date: /home/anthonyubuntu/Desktop/inmind/session9/Anthony-Moundalak-ROS2-AssignmentCPP-Session9/ros2_ws/install/turtlebot_navigation/share/turtlebot_navigation/launch/my_robot_launch.py
-- Up-to-date: /home/anthonyubuntu/Desktop/inmind/session9/Anthony-Moundalak-ROS2-AssignmentCPP-Session9/ros2_ws/install/turtlebot_navigation/share/ament_index/resource_index/package_run_dependencies/turtlebot_navigation
-- Up-to-date: /home/anthonyubuntu/Desktop/inmind/session9/Anthony-Moundalak-ROS2-AssignmentCPP-Session9/ros2_ws/install/turtlebot_navigation/share/ament_index/resource_index/parent_prefix_path/turtlebot_navigation
-- Up-to-date: /home/anthonyubuntu/Desktop/inmind/session9/Anthony-Moundalak-ROS2-AssignmentCPP-Session9/ros2_ws/install/turtlebot_navigation/share/turtlebot_navigation/environment/ament_prefix_path.sh
-- Up-to-date: /home/anthonyubuntu/Desktop/inmind/session9/Anthony-Moundalak-ROS2-AssignmentCPP-Session9/ros2_ws/install/turtlebot_navigation/share/turtlebot_navigation/environment/ament_prefix_path.dsv
-- Up-to-date: /home/anthonyubuntu/Desktop/inmind/session9/Anthony-Moundalak-ROS2-AssignmentCPP-Session9/ros2_ws/install/turtlebot_navigation/share/turtlebot_navigation/environment/path.sh
-- Up-to-date: /home/anthonyubuntu/Desktop/inmind/session9/Anthony-Moundalak-ROS2-AssignmentCPP-Session9/ros2_ws/install/turtlebot_navigation/share/turtlebot_navigation/environment/path.dsv
-- Up-to-date: /home/anthonyubuntu/Desktop/inmind/session9/Anthony-Moundalak-ROS2-AssignmentCPP-Session9/ros2_ws/install/turtlebot_navigation/share/turtlebot_navigation/local_setup.bash
-- Up-to-date: /home/anthonyubuntu/Desktop/inmind/session9/Anthony-Moundalak-ROS2-AssignmentCPP-Session9/ros2_ws/install/turtlebot_navigation/share/turtlebot_navigation/local_setup.sh
-- Up-to-date: /home/anthonyubuntu/Desktop/inmind/session9/Anthony-Moundalak-ROS2-AssignmentCPP-Session9/ros2_ws/install/turtlebot_navigation/share/turtlebot_navigation/local_setup.zsh
-- Up-to-date: /home/anthonyubuntu/Desktop/inmind/session9/Anthony-Moundalak-ROS2-AssignmentCPP-Session9/ros2_ws/install/turtlebot_navigation/share/turtlebot_navigation/local_setup.dsv
-- Installing: /home/anthonyubuntu/Desktop/inmind/session9/Anthony-Moundalak-ROS2-AssignmentCPP-Session9/ros2_ws/install/turtlebot_navigation/share/turtlebot_navigation/package.dsv
-- Up-to-date: /home/anthonyubuntu/Desktop/inmind/session9/Anthony-Moundalak-ROS2-AssignmentCPP-Session9/ros2_ws/install/turtlebot_navigation/share/ament_index/resource_index/packages/turtlebot_navigation
-- Up-to-date: /home/anthonyubuntu/Desktop/inmind/session9/Anthony-Moundalak-ROS2-AssignmentCPP-Session9/ros2_ws/install/turtlebot_navigation/share/turtlebot_navigation/cmake/turtlebot_navigationConfig.cmake
-- Up-to-date: /home/anthonyubuntu/Desktop/inmind/session9/Anthony-Moundalak-ROS2-AssignmentCPP-Session9/ros2_ws/install/turtlebot_navigation/share/turtlebot_navigation/cmake/turtlebot_navigationConfig-version.cmake
-- Up-to-date: /home/anthonyubuntu/Desktop/inmind/session9/Anthony-Moundalak-ROS2-AssignmentCPP-Session9/ros2_ws/install/turtlebot_navigation/share/turtlebot_navigation/package.xml
