[0.625s] DEBUG:colcon:Command line arguments: ['/usr/bin/colcon', 'build']
[0.626s] DEBUG:colcon:Parsed command line arguments: Namespace(log_base=None, log_level=None, verb_name='build', build_base='build', install_base='install', merge_install=False, symlink_install=False, test_result_base=None, continue_on_error=False, executor='parallel', parallel_workers=4, event_handlers=None, ignore_user_meta=False, metas=['./colcon.meta'], base_paths=['.'], packages_ignore=None, packages_ignore_regex=None, paths=None, packages_up_to=None, packages_up_to_regex=None, packages_above=None, packages_above_and_dependencies=None, packages_above_depth=None, packages_select_by_dep=None, packages_skip_by_dep=None, packages_skip_up_to=None, packages_select_build_failed=False, packages_skip_build_finished=False, packages_select_test_failures=False, packages_skip_test_passed=False, packages_select=None, packages_skip=None, packages_select_regex=None, packages_skip_regex=None, packages_start=None, packages_end=None, allow_overriding=[], cmake_args=None, cmake_target=None, cmake_target_skip_unavailable=False, cmake_clean_cache=False, cmake_clean_first=False, cmake_force_configure=False, ament_cmake_args=None, catkin_cmake_args=None, catkin_skip_building_tests=False, mixin_files=None, mixin=None, verb_parser=<colcon_mixin.mixin.mixin_argument.MixinArgumentDecorator object at 0x7ca5f2232d40>, verb_extension=<colcon_core.verb.build.BuildVerb object at 0x7ca5f23dc430>, main=<bound method BuildVerb.main of <colcon_core.verb.build.BuildVerb object at 0x7ca5f23dc430>>, mixin_verb=('build',))
[1.235s] Level 1:colcon.colcon_core.package_discovery:discover_packages(colcon_meta) check parameters
[1.236s] Level 1:colcon.colcon_core.package_discovery:discover_packages(recursive) check parameters
[1.236s] Level 1:colcon.colcon_core.package_discovery:discover_packages(ignore) check parameters
[1.237s] Level 1:colcon.colcon_core.package_discovery:discover_packages(path) check parameters
[1.237s] Level 1:colcon.colcon_core.package_discovery:discover_packages(colcon_meta) discover
[1.237s] Level 1:colcon.colcon_core.package_discovery:discover_packages(recursive) discover
[1.238s] INFO:colcon.colcon_core.package_discovery:Crawling recursively for packages in '/home/anthonyubuntu/Desktop/inmind/session9/Anthony-Moundalak-ROS2-AssignmentCPP-Session9/ros2_ws'
[1.239s] Level 1:colcon.colcon_core.package_identification:_identify(.) by extensions ['ignore', 'ignore_ament_install']
[1.239s] Level 1:colcon.colcon_core.package_identification:_identify(.) by extension 'ignore'
[1.240s] Level 1:colcon.colcon_core.package_identification:_identify(.) by extension 'ignore_ament_install'
[1.240s] Level 1:colcon.colcon_core.package_identification:_identify(.) by extensions ['colcon_pkg']
[1.240s] Level 1:colcon.colcon_core.package_identification:_identify(.) by extension 'colcon_pkg'
[1.241s] Level 1:colcon.colcon_core.package_identification:_identify(.) by extensions ['colcon_meta']
[1.241s] Level 1:colcon.colcon_core.package_identification:_identify(.) by extension 'colcon_meta'
[1.241s] Level 1:colcon.colcon_core.package_identification:_identify(.) by extensions ['ros']
[1.242s] Level 1:colcon.colcon_core.package_identification:_identify(.) by extension 'ros'
[1.280s] Level 1:colcon.colcon_core.package_identification:_identify(.) by extensions ['cmake', 'python']
[1.280s] Level 1:colcon.colcon_core.package_identification:_identify(.) by extension 'cmake'
[1.281s] Level 1:colcon.colcon_core.package_identification:_identify(.) by extension 'python'
[1.281s] Level 1:colcon.colcon_core.package_identification:_identify(.) by extensions ['python_setup_py']
[1.281s] Level 1:colcon.colcon_core.package_identification:_identify(.) by extension 'python_setup_py'
[1.281s] Level 1:colcon.colcon_core.package_identification:_identify(build) by extensions ['ignore', 'ignore_ament_install']
[1.282s] Level 1:colcon.colcon_core.package_identification:_identify(build) by extension 'ignore'
[1.282s] Level 1:colcon.colcon_core.package_identification:_identify(build) ignored
[1.286s] Level 1:colcon.colcon_core.package_identification:_identify(install) by extensions ['ignore', 'ignore_ament_install']
[1.287s] Level 1:colcon.colcon_core.package_identification:_identify(install) by extension 'ignore'
[1.287s] Level 1:colcon.colcon_core.package_identification:_identify(install) ignored
[1.287s] Level 1:colcon.colcon_core.package_identification:_identify(log) by extensions ['ignore', 'ignore_ament_install']
[1.288s] Level 1:colcon.colcon_core.package_identification:_identify(log) by extension 'ignore'
[1.289s] Level 1:colcon.colcon_core.package_identification:_identify(log) ignored
[1.291s] Level 1:colcon.colcon_core.package_identification:_identify(src) by extensions ['ignore', 'ignore_ament_install']
[1.291s] Level 1:colcon.colcon_core.package_identification:_identify(src) by extension 'ignore'
[1.292s] Level 1:colcon.colcon_core.package_identification:_identify(src) by extension 'ignore_ament_install'
[1.293s] Level 1:colcon.colcon_core.package_identification:_identify(src) by extensions ['colcon_pkg']
[1.293s] Level 1:colcon.colcon_core.package_identification:_identify(src) by extension 'colcon_pkg'
[1.293s] Level 1:colcon.colcon_core.package_identification:_identify(src) by extensions ['colcon_meta']
[1.294s] Level 1:colcon.colcon_core.package_identification:_identify(src) by extension 'colcon_meta'
[1.294s] Level 1:colcon.colcon_core.package_identification:_identify(src) by extensions ['ros']
[1.295s] Level 1:colcon.colcon_core.package_identification:_identify(src) by extension 'ros'
[1.295s] Level 1:colcon.colcon_core.package_identification:_identify(src) by extensions ['cmake', 'python']
[1.297s] Level 1:colcon.colcon_core.package_identification:_identify(src) by extension 'cmake'
[1.297s] Level 1:colcon.colcon_core.package_identification:_identify(src) by extension 'python'
[1.297s] Level 1:colcon.colcon_core.package_identification:_identify(src) by extensions ['python_setup_py']
[1.298s] Level 1:colcon.colcon_core.package_identification:_identify(src) by extension 'python_setup_py'
[1.298s] Level 1:colcon.colcon_core.package_identification:_identify(src/my_interface) by extensions ['ignore', 'ignore_ament_install']
[1.299s] Level 1:colcon.colcon_core.package_identification:_identify(src/my_interface) by extension 'ignore'
[1.302s] Level 1:colcon.colcon_core.package_identification:_identify(src/my_interface) by extension 'ignore_ament_install'
[1.302s] Level 1:colcon.colcon_core.package_identification:_identify(src/my_interface) by extensions ['colcon_pkg']
[1.302s] Level 1:colcon.colcon_core.package_identification:_identify(src/my_interface) by extension 'colcon_pkg'
[1.303s] Level 1:colcon.colcon_core.package_identification:_identify(src/my_interface) by extensions ['colcon_meta']
[1.303s] Level 1:colcon.colcon_core.package_identification:_identify(src/my_interface) by extension 'colcon_meta'
[1.303s] Level 1:colcon.colcon_core.package_identification:_identify(src/my_interface) by extensions ['ros']
[1.304s] Level 1:colcon.colcon_core.package_identification:_identify(src/my_interface) by extension 'ros'
[1.338s] DEBUG:colcon.colcon_core.package_identification:Package 'src/my_interface' with type 'ros.ament_cmake' and name 'my_interface'
[1.340s] Level 1:colcon.colcon_core.package_identification:_identify(src/turtlebot_navigation) by extensions ['ignore', 'ignore_ament_install']
[1.341s] Level 1:colcon.colcon_core.package_identification:_identify(src/turtlebot_navigation) by extension 'ignore'
[1.341s] Level 1:colcon.colcon_core.package_identification:_identify(src/turtlebot_navigation) by extension 'ignore_ament_install'
[1.342s] Level 1:colcon.colcon_core.package_identification:_identify(src/turtlebot_navigation) by extensions ['colcon_pkg']
[1.342s] Level 1:colcon.colcon_core.package_identification:_identify(src/turtlebot_navigation) by extension 'colcon_pkg'
[1.343s] Level 1:colcon.colcon_core.package_identification:_identify(src/turtlebot_navigation) by extensions ['colcon_meta']
[1.343s] Level 1:colcon.colcon_core.package_identification:_identify(src/turtlebot_navigation) by extension 'colcon_meta'
[1.345s] Level 1:colcon.colcon_core.package_identification:_identify(src/turtlebot_navigation) by extensions ['ros']
[1.346s] Level 1:colcon.colcon_core.package_identification:_identify(src/turtlebot_navigation) by extension 'ros'
[1.371s] DEBUG:colcon.colcon_core.package_identification:Package 'src/turtlebot_navigation' with type 'ros.ament_cmake' and name 'turtlebot_navigation'
[1.371s] Level 1:colcon.colcon_core.package_discovery:discover_packages(recursive) using defaults
[1.372s] Level 1:colcon.colcon_core.package_discovery:discover_packages(ignore) discover
[1.372s] Level 1:colcon.colcon_core.package_discovery:discover_packages(ignore) using defaults
[1.373s] Level 1:colcon.colcon_core.package_discovery:discover_packages(path) discover
[1.373s] Level 1:colcon.colcon_core.package_discovery:discover_packages(path) using defaults
[1.448s] Level 1:colcon.colcon_core.package_discovery:discover_packages(prefix_path) check parameters
[1.449s] Level 1:colcon.colcon_core.package_discovery:discover_packages(prefix_path) discover
[1.514s] DEBUG:colcon.colcon_installed_package_information.package_discovery:Found 2 installed packages in /home/anthonyubuntu/Desktop/inmind/test/cppgazws/install
[1.519s] DEBUG:colcon.colcon_installed_package_information.package_discovery:Found 385 installed packages in /opt/ros/humble
[1.545s] Level 1:colcon.colcon_core.package_discovery:discover_packages(prefix_path) using defaults
[4.149s] Level 5:colcon.colcon_core.verb:set package 'my_interface' build argument 'cmake_args' from command line to 'None'
[4.149s] Level 5:colcon.colcon_core.verb:set package 'my_interface' build argument 'cmake_target' from command line to 'None'
[4.149s] Level 5:colcon.colcon_core.verb:set package 'my_interface' build argument 'cmake_target_skip_unavailable' from command line to 'False'
[4.149s] Level 5:colcon.colcon_core.verb:set package 'my_interface' build argument 'cmake_clean_cache' from command line to 'False'
[4.149s] Level 5:colcon.colcon_core.verb:set package 'my_interface' build argument 'cmake_clean_first' from command line to 'False'
[4.149s] Level 5:colcon.colcon_core.verb:set package 'my_interface' build argument 'cmake_force_configure' from command line to 'False'
[4.149s] Level 5:colcon.colcon_core.verb:set package 'my_interface' build argument 'ament_cmake_args' from command line to 'None'
[4.149s] Level 5:colcon.colcon_core.verb:set package 'my_interface' build argument 'catkin_cmake_args' from command line to 'None'
[4.149s] Level 5:colcon.colcon_core.verb:set package 'my_interface' build argument 'catkin_skip_building_tests' from command line to 'False'
[4.149s] DEBUG:colcon.colcon_core.verb:Building package 'my_interface' with the following arguments: {'ament_cmake_args': None, 'build_base': '/home/anthonyubuntu/Desktop/inmind/session9/Anthony-Moundalak-ROS2-AssignmentCPP-Session9/ros2_ws/build/my_interface', 'catkin_cmake_args': None, 'catkin_skip_building_tests': False, 'cmake_args': None, 'cmake_clean_cache': False, 'cmake_clean_first': False, 'cmake_force_configure': False, 'cmake_target': None, 'cmake_target_skip_unavailable': False, 'install_base': '/home/anthonyubuntu/Desktop/inmind/session9/Anthony-Moundalak-ROS2-AssignmentCPP-Session9/ros2_ws/install/my_interface', 'merge_install': False, 'path': '/home/anthonyubuntu/Desktop/inmind/session9/Anthony-Moundalak-ROS2-AssignmentCPP-Session9/ros2_ws/src/my_interface', 'symlink_install': False, 'test_result_base': None}
[4.151s] Level 5:colcon.colcon_core.verb:set package 'turtlebot_navigation' build argument 'cmake_args' from command line to 'None'
[4.152s] Level 5:colcon.colcon_core.verb:set package 'turtlebot_navigation' build argument 'cmake_target' from command line to 'None'
[4.156s] Level 5:colcon.colcon_core.verb:set package 'turtlebot_navigation' build argument 'cmake_target_skip_unavailable' from command line to 'False'
[4.159s] Level 5:colcon.colcon_core.verb:set package 'turtlebot_navigation' build argument 'cmake_clean_cache' from command line to 'False'
[4.160s] Level 5:colcon.colcon_core.verb:set package 'turtlebot_navigation' build argument 'cmake_clean_first' from command line to 'False'
[4.160s] Level 5:colcon.colcon_core.verb:set package 'turtlebot_navigation' build argument 'cmake_force_configure' from command line to 'False'
[4.160s] Level 5:colcon.colcon_core.verb:set package 'turtlebot_navigation' build argument 'ament_cmake_args' from command line to 'None'
[4.160s] Level 5:colcon.colcon_core.verb:set package 'turtlebot_navigation' build argument 'catkin_cmake_args' from command line to 'None'
[4.160s] Level 5:colcon.colcon_core.verb:set package 'turtlebot_navigation' build argument 'catkin_skip_building_tests' from command line to 'False'
[4.160s] DEBUG:colcon.colcon_core.verb:Building package 'turtlebot_navigation' with the following arguments: {'ament_cmake_args': None, 'build_base': '/home/anthonyubuntu/Desktop/inmind/session9/Anthony-Moundalak-ROS2-AssignmentCPP-Session9/ros2_ws/build/turtlebot_navigation', 'catkin_cmake_args': None, 'catkin_skip_building_tests': False, 'cmake_args': None, 'cmake_clean_cache': False, 'cmake_clean_first': False, 'cmake_force_configure': False, 'cmake_target': None, 'cmake_target_skip_unavailable': False, 'install_base': '/home/anthonyubuntu/Desktop/inmind/session9/Anthony-Moundalak-ROS2-AssignmentCPP-Session9/ros2_ws/install/turtlebot_navigation', 'merge_install': False, 'path': '/home/anthonyubuntu/Desktop/inmind/session9/Anthony-Moundalak-ROS2-AssignmentCPP-Session9/ros2_ws/src/turtlebot_navigation', 'symlink_install': False, 'test_result_base': None}
[4.164s] INFO:colcon.colcon_core.executor:Executing jobs using 'parallel' executor
[4.167s] DEBUG:colcon.colcon_parallel_executor.executor.parallel:run_until_complete
[4.167s] INFO:colcon.colcon_ros.task.ament_cmake.build:Building ROS package in '/home/anthonyubuntu/Desktop/inmind/session9/Anthony-Moundalak-ROS2-AssignmentCPP-Session9/ros2_ws/src/my_interface' with build type 'ament_cmake'
[4.167s] INFO:colcon.colcon_cmake.task.cmake.build:Building CMake package in '/home/anthonyubuntu/Desktop/inmind/session9/Anthony-Moundalak-ROS2-AssignmentCPP-Session9/ros2_ws/src/my_interface'
[4.211s] INFO:colcon.colcon_core.plugin_system:Skipping extension 'colcon_core.shell.bat': Not used on non-Windows systems
[4.211s] INFO:colcon.colcon_core.shell:Skip shell extension 'powershell' for command environment: Not usable outside of PowerShell
[4.211s] DEBUG:colcon.colcon_core.shell:Skip shell extension 'dsv' for command environment
[4.236s] DEBUG:colcon.colcon_core.event_handler.log_command:Invoking command in '/home/anthonyubuntu/Desktop/inmind/session9/Anthony-Moundalak-ROS2-AssignmentCPP-Session9/ros2_ws/build/my_interface': CMAKE_PREFIX_PATH=${CMAKE_PREFIX_PATH}:/opt/ros/humble /usr/bin/cmake --build /home/anthonyubuntu/Desktop/inmind/session9/Anthony-Moundalak-ROS2-AssignmentCPP-Session9/ros2_ws/build/my_interface -- -j4 -l4
[8.416s] DEBUG:colcon.colcon_core.event_handler.log_command:Invoked command in '/home/anthonyubuntu/Desktop/inmind/session9/Anthony-Moundalak-ROS2-AssignmentCPP-Session9/ros2_ws/build/my_interface' returned '0': CMAKE_PREFIX_PATH=${CMAKE_PREFIX_PATH}:/opt/ros/humble /usr/bin/cmake --build /home/anthonyubuntu/Desktop/inmind/session9/Anthony-Moundalak-ROS2-AssignmentCPP-Session9/ros2_ws/build/my_interface -- -j4 -l4
[9.029s] DEBUG:colcon.colcon_core.event_handler.log_command:Invoking command in '/home/anthonyubuntu/Desktop/inmind/session9/Anthony-Moundalak-ROS2-AssignmentCPP-Session9/ros2_ws/build/my_interface': CMAKE_PREFIX_PATH=${CMAKE_PREFIX_PATH}:/opt/ros/humble /usr/bin/cmake --install /home/anthonyubuntu/Desktop/inmind/session9/Anthony-Moundalak-ROS2-AssignmentCPP-Session9/ros2_ws/build/my_interface
[9.429s] Level 1:colcon.colcon_core.environment:create_environment_scripts_only(my_interface)
[9.430s] DEBUG:colcon.colcon_core.event_handler.log_command:Invoked command in '/home/anthonyubuntu/Desktop/inmind/session9/Anthony-Moundalak-ROS2-AssignmentCPP-Session9/ros2_ws/build/my_interface' returned '0': CMAKE_PREFIX_PATH=${CMAKE_PREFIX_PATH}:/opt/ros/humble /usr/bin/cmake --install /home/anthonyubuntu/Desktop/inmind/session9/Anthony-Moundalak-ROS2-AssignmentCPP-Session9/ros2_ws/build/my_interface
[9.489s] Level 1:colcon.colcon_core.environment:checking '/home/anthonyubuntu/Desktop/inmind/session9/Anthony-Moundalak-ROS2-AssignmentCPP-Session9/ros2_ws/install/my_interface' for CMake module files
[9.496s] Level 1:colcon.colcon_core.environment:checking '/home/anthonyubuntu/Desktop/inmind/session9/Anthony-Moundalak-ROS2-AssignmentCPP-Session9/ros2_ws/install/my_interface' for CMake config files
[9.499s] Level 1:colcon.colcon_core.shell:create_environment_hook('my_interface', 'cmake_prefix_path')
[9.500s] INFO:colcon.colcon_core.shell:Creating environment hook '/home/anthonyubuntu/Desktop/inmind/session9/Anthony-Moundalak-ROS2-AssignmentCPP-Session9/ros2_ws/install/my_interface/share/my_interface/hook/cmake_prefix_path.ps1'
[9.503s] INFO:colcon.colcon_core.shell:Creating environment descriptor '/home/anthonyubuntu/Desktop/inmind/session9/Anthony-Moundalak-ROS2-AssignmentCPP-Session9/ros2_ws/install/my_interface/share/my_interface/hook/cmake_prefix_path.dsv'
[9.507s] INFO:colcon.colcon_core.shell:Creating environment hook '/home/anthonyubuntu/Desktop/inmind/session9/Anthony-Moundalak-ROS2-AssignmentCPP-Session9/ros2_ws/install/my_interface/share/my_interface/hook/cmake_prefix_path.sh'
[9.513s] Level 1:colcon.colcon_core.environment:checking '/home/anthonyubuntu/Desktop/inmind/session9/Anthony-Moundalak-ROS2-AssignmentCPP-Session9/ros2_ws/install/my_interface/lib'
[9.513s] Level 1:colcon.colcon_core.shell:create_environment_hook('my_interface', 'ld_library_path_lib')
[9.514s] INFO:colcon.colcon_core.shell:Creating environment hook '/home/anthonyubuntu/Desktop/inmind/session9/Anthony-Moundalak-ROS2-AssignmentCPP-Session9/ros2_ws/install/my_interface/share/my_interface/hook/ld_library_path_lib.ps1'
[9.521s] INFO:colcon.colcon_core.shell:Creating environment descriptor '/home/anthonyubuntu/Desktop/inmind/session9/Anthony-Moundalak-ROS2-AssignmentCPP-Session9/ros2_ws/install/my_interface/share/my_interface/hook/ld_library_path_lib.dsv'
[9.523s] INFO:colcon.colcon_core.shell:Creating environment hook '/home/anthonyubuntu/Desktop/inmind/session9/Anthony-Moundalak-ROS2-AssignmentCPP-Session9/ros2_ws/install/my_interface/share/my_interface/hook/ld_library_path_lib.sh'
[9.524s] Level 1:colcon.colcon_core.environment:checking '/home/anthonyubuntu/Desktop/inmind/session9/Anthony-Moundalak-ROS2-AssignmentCPP-Session9/ros2_ws/install/my_interface/bin'
[9.524s] Level 1:colcon.colcon_core.environment:checking '/home/anthonyubuntu/Desktop/inmind/session9/Anthony-Moundalak-ROS2-AssignmentCPP-Session9/ros2_ws/install/my_interface/lib/pkgconfig/my_interface.pc'
[9.525s] Level 1:colcon.colcon_core.environment:checking '/home/anthonyubuntu/Desktop/inmind/session9/Anthony-Moundalak-ROS2-AssignmentCPP-Session9/ros2_ws/install/my_interface/lib/python3.10/site-packages'
[9.526s] Level 1:colcon.colcon_core.environment:checking '/home/anthonyubuntu/Desktop/inmind/session9/Anthony-Moundalak-ROS2-AssignmentCPP-Session9/ros2_ws/install/my_interface/bin'
[9.527s] INFO:colcon.colcon_core.shell:Creating package script '/home/anthonyubuntu/Desktop/inmind/session9/Anthony-Moundalak-ROS2-AssignmentCPP-Session9/ros2_ws/install/my_interface/share/my_interface/package.ps1'
[9.544s] INFO:colcon.colcon_core.shell:Creating package descriptor '/home/anthonyubuntu/Desktop/inmind/session9/Anthony-Moundalak-ROS2-AssignmentCPP-Session9/ros2_ws/install/my_interface/share/my_interface/package.dsv'
[9.546s] INFO:colcon.colcon_core.shell:Creating package script '/home/anthonyubuntu/Desktop/inmind/session9/Anthony-Moundalak-ROS2-AssignmentCPP-Session9/ros2_ws/install/my_interface/share/my_interface/package.sh'
[9.549s] INFO:colcon.colcon_core.shell:Creating package script '/home/anthonyubuntu/Desktop/inmind/session9/Anthony-Moundalak-ROS2-AssignmentCPP-Session9/ros2_ws/install/my_interface/share/my_interface/package.bash'
[9.552s] INFO:colcon.colcon_core.shell:Creating package script '/home/anthonyubuntu/Desktop/inmind/session9/Anthony-Moundalak-ROS2-AssignmentCPP-Session9/ros2_ws/install/my_interface/share/my_interface/package.zsh'
[9.554s] Level 1:colcon.colcon_core.environment:create_file_with_runtime_dependencies(/home/anthonyubuntu/Desktop/inmind/session9/Anthony-Moundalak-ROS2-AssignmentCPP-Session9/ros2_ws/install/my_interface/share/colcon-core/packages/my_interface)
[10.114s] Level 1:colcon.colcon_core.environment:create_environment_scripts_only(my_interface)
[10.114s] Level 1:colcon.colcon_core.environment:checking '/home/anthonyubuntu/Desktop/inmind/session9/Anthony-Moundalak-ROS2-AssignmentCPP-Session9/ros2_ws/install/my_interface' for CMake module files
[10.117s] Level 1:colcon.colcon_core.environment:checking '/home/anthonyubuntu/Desktop/inmind/session9/Anthony-Moundalak-ROS2-AssignmentCPP-Session9/ros2_ws/install/my_interface' for CMake config files
[10.119s] Level 1:colcon.colcon_core.shell:create_environment_hook('my_interface', 'cmake_prefix_path')
[10.120s] INFO:colcon.colcon_core.shell:Creating environment hook '/home/anthonyubuntu/Desktop/inmind/session9/Anthony-Moundalak-ROS2-AssignmentCPP-Session9/ros2_ws/install/my_interface/share/my_interface/hook/cmake_prefix_path.ps1'
[10.122s] INFO:colcon.colcon_core.shell:Creating environment descriptor '/home/anthonyubuntu/Desktop/inmind/session9/Anthony-Moundalak-ROS2-AssignmentCPP-Session9/ros2_ws/install/my_interface/share/my_interface/hook/cmake_prefix_path.dsv'
[10.125s] INFO:colcon.colcon_core.shell:Creating environment hook '/home/anthonyubuntu/Desktop/inmind/session9/Anthony-Moundalak-ROS2-AssignmentCPP-Session9/ros2_ws/install/my_interface/share/my_interface/hook/cmake_prefix_path.sh'
[10.128s] Level 1:colcon.colcon_core.environment:checking '/home/anthonyubuntu/Desktop/inmind/session9/Anthony-Moundalak-ROS2-AssignmentCPP-Session9/ros2_ws/install/my_interface/lib'
[10.129s] Level 1:colcon.colcon_core.shell:create_environment_hook('my_interface', 'ld_library_path_lib')
[10.130s] INFO:colcon.colcon_core.shell:Creating environment hook '/home/anthonyubuntu/Desktop/inmind/session9/Anthony-Moundalak-ROS2-AssignmentCPP-Session9/ros2_ws/install/my_interface/share/my_interface/hook/ld_library_path_lib.ps1'
[10.138s] INFO:colcon.colcon_core.shell:Creating environment descriptor '/home/anthonyubuntu/Desktop/inmind/session9/Anthony-Moundalak-ROS2-AssignmentCPP-Session9/ros2_ws/install/my_interface/share/my_interface/hook/ld_library_path_lib.dsv'
[10.145s] INFO:colcon.colcon_core.shell:Creating environment hook '/home/anthonyubuntu/Desktop/inmind/session9/Anthony-Moundalak-ROS2-AssignmentCPP-Session9/ros2_ws/install/my_interface/share/my_interface/hook/ld_library_path_lib.sh'
[10.149s] Level 1:colcon.colcon_core.environment:checking '/home/anthonyubuntu/Desktop/inmind/session9/Anthony-Moundalak-ROS2-AssignmentCPP-Session9/ros2_ws/install/my_interface/bin'
[10.149s] Level 1:colcon.colcon_core.environment:checking '/home/anthonyubuntu/Desktop/inmind/session9/Anthony-Moundalak-ROS2-AssignmentCPP-Session9/ros2_ws/install/my_interface/lib/pkgconfig/my_interface.pc'
[10.176s] Level 1:colcon.colcon_core.environment:checking '/home/anthonyubuntu/Desktop/inmind/session9/Anthony-Moundalak-ROS2-AssignmentCPP-Session9/ros2_ws/install/my_interface/lib/python3.10/site-packages'
[10.179s] Level 1:colcon.colcon_core.environment:checking '/home/anthonyubuntu/Desktop/inmind/session9/Anthony-Moundalak-ROS2-AssignmentCPP-Session9/ros2_ws/install/my_interface/bin'
[10.183s] INFO:colcon.colcon_core.shell:Creating package script '/home/anthonyubuntu/Desktop/inmind/session9/Anthony-Moundalak-ROS2-AssignmentCPP-Session9/ros2_ws/install/my_interface/share/my_interface/package.ps1'
[10.188s] INFO:colcon.colcon_core.shell:Creating package descriptor '/home/anthonyubuntu/Desktop/inmind/session9/Anthony-Moundalak-ROS2-AssignmentCPP-Session9/ros2_ws/install/my_interface/share/my_interface/package.dsv'
[10.196s] INFO:colcon.colcon_core.shell:Creating package script '/home/anthonyubuntu/Desktop/inmind/session9/Anthony-Moundalak-ROS2-AssignmentCPP-Session9/ros2_ws/install/my_interface/share/my_interface/package.sh'
[10.202s] INFO:colcon.colcon_core.shell:Creating package script '/home/anthonyubuntu/Desktop/inmind/session9/Anthony-Moundalak-ROS2-AssignmentCPP-Session9/ros2_ws/install/my_interface/share/my_interface/package.bash'
[10.206s] INFO:colcon.colcon_core.shell:Creating package script '/home/anthonyubuntu/Desktop/inmind/session9/Anthony-Moundalak-ROS2-AssignmentCPP-Session9/ros2_ws/install/my_interface/share/my_interface/package.zsh'
[10.208s] Level 1:colcon.colcon_core.environment:create_file_with_runtime_dependencies(/home/anthonyubuntu/Desktop/inmind/session9/Anthony-Moundalak-ROS2-AssignmentCPP-Session9/ros2_ws/install/my_interface/share/colcon-core/packages/my_interface)
[10.212s] INFO:colcon.colcon_ros.task.ament_cmake.build:Building ROS package in '/home/anthonyubuntu/Desktop/inmind/session9/Anthony-Moundalak-ROS2-AssignmentCPP-Session9/ros2_ws/src/turtlebot_navigation' with build type 'ament_cmake'
[10.213s] INFO:colcon.colcon_cmake.task.cmake.build:Building CMake package in '/home/anthonyubuntu/Desktop/inmind/session9/Anthony-Moundalak-ROS2-AssignmentCPP-Session9/ros2_ws/src/turtlebot_navigation'
[10.213s] INFO:colcon.colcon_core.shell:Skip shell extension 'powershell' for command environment: Not usable outside of PowerShell
[10.214s] DEBUG:colcon.colcon_core.shell:Skip shell extension 'dsv' for command environment
[10.258s] DEBUG:colcon.colcon_core.event_handler.log_command:Invoking command in '/home/anthonyubuntu/Desktop/inmind/session9/Anthony-Moundalak-ROS2-AssignmentCPP-Session9/ros2_ws/build/turtlebot_navigation': AMENT_PREFIX_PATH=/home/anthonyubuntu/Desktop/inmind/session9/Anthony-Moundalak-ROS2-AssignmentCPP-Session9/ros2_ws/install/my_interface:${AMENT_PREFIX_PATH} CMAKE_PREFIX_PATH=/home/anthonyubuntu/Desktop/inmind/session9/Anthony-Moundalak-ROS2-AssignmentCPP-Session9/ros2_ws/install/my_interface:/home/anthonyubuntu/Desktop/inmind/test/cppgazws/install/turtlebot_navigation:/home/anthonyubuntu/Desktop/inmind/test/cppgazws/install/my_interface:/opt/ros/humble LD_LIBRARY_PATH=/home/anthonyubuntu/Desktop/inmind/session9/Anthony-Moundalak-ROS2-AssignmentCPP-Session9/ros2_ws/install/my_interface/lib:${LD_LIBRARY_PATH} PYTHONPATH=/home/anthonyubuntu/Desktop/inmind/session9/Anthony-Moundalak-ROS2-AssignmentCPP-Session9/ros2_ws/install/my_interface/local/lib/python3.10/dist-packages:${PYTHONPATH} /usr/bin/cmake --build /home/anthonyubuntu/Desktop/inmind/session9/Anthony-Moundalak-ROS2-AssignmentCPP-Session9/ros2_ws/build/turtlebot_navigation -- -j4 -l4
[41.004s] DEBUG:colcon.colcon_core.event_handler.log_command:Invoked command in '/home/anthonyubuntu/Desktop/inmind/session9/Anthony-Moundalak-ROS2-AssignmentCPP-Session9/ros2_ws/build/turtlebot_navigation' returned '2': AMENT_PREFIX_PATH=/home/anthonyubuntu/Desktop/inmind/session9/Anthony-Moundalak-ROS2-AssignmentCPP-Session9/ros2_ws/install/my_interface:${AMENT_PREFIX_PATH} CMAKE_PREFIX_PATH=/home/anthonyubuntu/Desktop/inmind/session9/Anthony-Moundalak-ROS2-AssignmentCPP-Session9/ros2_ws/install/my_interface:/home/anthonyubuntu/Desktop/inmind/test/cppgazws/install/turtlebot_navigation:/home/anthonyubuntu/Desktop/inmind/test/cppgazws/install/my_interface:/opt/ros/humble LD_LIBRARY_PATH=/home/anthonyubuntu/Desktop/inmind/session9/Anthony-Moundalak-ROS2-AssignmentCPP-Session9/ros2_ws/install/my_interface/lib:${LD_LIBRARY_PATH} PYTHONPATH=/home/anthonyubuntu/Desktop/inmind/session9/Anthony-Moundalak-ROS2-AssignmentCPP-Session9/ros2_ws/install/my_interface/local/lib/python3.10/dist-packages:${PYTHONPATH} /usr/bin/cmake --build /home/anthonyubuntu/Desktop/inmind/session9/Anthony-Moundalak-ROS2-AssignmentCPP-Session9/ros2_ws/build/turtlebot_navigation -- -j4 -l4
[42.904s] Level 1:colcon.colcon_core.environment:create_environment_scripts_only(turtlebot_navigation)
[42.905s] Level 1:colcon.colcon_core.environment:checking '/home/anthonyubuntu/Desktop/inmind/session9/Anthony-Moundalak-ROS2-AssignmentCPP-Session9/ros2_ws/install/turtlebot_navigation' for CMake module files
[42.906s] Level 1:colcon.colcon_core.environment:checking '/home/anthonyubuntu/Desktop/inmind/session9/Anthony-Moundalak-ROS2-AssignmentCPP-Session9/ros2_ws/install/turtlebot_navigation' for CMake config files
[42.908s] Level 1:colcon.colcon_core.shell:create_environment_hook('turtlebot_navigation', 'cmake_prefix_path')
[42.908s] INFO:colcon.colcon_core.shell:Creating environment hook '/home/anthonyubuntu/Desktop/inmind/session9/Anthony-Moundalak-ROS2-AssignmentCPP-Session9/ros2_ws/install/turtlebot_navigation/share/turtlebot_navigation/hook/cmake_prefix_path.ps1'
[42.910s] INFO:colcon.colcon_core.shell:Creating environment descriptor '/home/anthonyubuntu/Desktop/inmind/session9/Anthony-Moundalak-ROS2-AssignmentCPP-Session9/ros2_ws/install/turtlebot_navigation/share/turtlebot_navigation/hook/cmake_prefix_path.dsv'
[42.911s] INFO:colcon.colcon_core.shell:Creating environment hook '/home/anthonyubuntu/Desktop/inmind/session9/Anthony-Moundalak-ROS2-AssignmentCPP-Session9/ros2_ws/install/turtlebot_navigation/share/turtlebot_navigation/hook/cmake_prefix_path.sh'
[42.913s] Level 1:colcon.colcon_core.environment:checking '/home/anthonyubuntu/Desktop/inmind/session9/Anthony-Moundalak-ROS2-AssignmentCPP-Session9/ros2_ws/install/turtlebot_navigation/lib'
[42.913s] Level 1:colcon.colcon_core.environment:checking '/home/anthonyubuntu/Desktop/inmind/session9/Anthony-Moundalak-ROS2-AssignmentCPP-Session9/ros2_ws/install/turtlebot_navigation/bin'
[42.913s] Level 1:colcon.colcon_core.environment:checking '/home/anthonyubuntu/Desktop/inmind/session9/Anthony-Moundalak-ROS2-AssignmentCPP-Session9/ros2_ws/install/turtlebot_navigation/lib/pkgconfig/turtlebot_navigation.pc'
[42.914s] Level 1:colcon.colcon_core.environment:checking '/home/anthonyubuntu/Desktop/inmind/session9/Anthony-Moundalak-ROS2-AssignmentCPP-Session9/ros2_ws/install/turtlebot_navigation/lib/python3.10/site-packages'
[42.915s] Level 1:colcon.colcon_core.environment:checking '/home/anthonyubuntu/Desktop/inmind/session9/Anthony-Moundalak-ROS2-AssignmentCPP-Session9/ros2_ws/install/turtlebot_navigation/bin'
[42.915s] INFO:colcon.colcon_core.shell:Creating package script '/home/anthonyubuntu/Desktop/inmind/session9/Anthony-Moundalak-ROS2-AssignmentCPP-Session9/ros2_ws/install/turtlebot_navigation/share/turtlebot_navigation/package.ps1'
[42.916s] INFO:colcon.colcon_core.shell:Creating package descriptor '/home/anthonyubuntu/Desktop/inmind/session9/Anthony-Moundalak-ROS2-AssignmentCPP-Session9/ros2_ws/install/turtlebot_navigation/share/turtlebot_navigation/package.dsv'
[42.917s] INFO:colcon.colcon_core.shell:Creating package script '/home/anthonyubuntu/Desktop/inmind/session9/Anthony-Moundalak-ROS2-AssignmentCPP-Session9/ros2_ws/install/turtlebot_navigation/share/turtlebot_navigation/package.sh'
[42.918s] INFO:colcon.colcon_core.shell:Creating package script '/home/anthonyubuntu/Desktop/inmind/session9/Anthony-Moundalak-ROS2-AssignmentCPP-Session9/ros2_ws/install/turtlebot_navigation/share/turtlebot_navigation/package.bash'
[42.919s] INFO:colcon.colcon_core.shell:Creating package script '/home/anthonyubuntu/Desktop/inmind/session9/Anthony-Moundalak-ROS2-AssignmentCPP-Session9/ros2_ws/install/turtlebot_navigation/share/turtlebot_navigation/package.zsh'
[42.920s] Level 1:colcon.colcon_core.environment:create_file_with_runtime_dependencies(/home/anthonyubuntu/Desktop/inmind/session9/Anthony-Moundalak-ROS2-AssignmentCPP-Session9/ros2_ws/install/turtlebot_navigation/share/colcon-core/packages/turtlebot_navigation)
[42.932s] DEBUG:colcon.colcon_parallel_executor.executor.parallel:closing loop
[42.932s] DEBUG:colcon.colcon_parallel_executor.executor.parallel:loop closed
[42.933s] DEBUG:colcon.colcon_parallel_executor.executor.parallel:run_until_complete finished with '2'
[42.933s] DEBUG:colcon.colcon_core.event_reactor:joining thread
[43.051s] INFO:colcon.colcon_core.plugin_system:Skipping extension 'colcon_notification.desktop_notification.terminal_notifier': Not used on non-Darwin systems
[43.052s] INFO:colcon.colcon_core.plugin_system:Skipping extension 'colcon_notification.desktop_notification.win32': Not used on non-Windows systems
[43.052s] INFO:colcon.colcon_notification.desktop_notification:Sending desktop notification using 'notify2'
[43.885s] DEBUG:colcon.colcon_core.event_reactor:joined thread
[43.886s] INFO:colcon.colcon_core.shell:Creating prefix script '/home/anthonyubuntu/Desktop/inmind/session9/Anthony-Moundalak-ROS2-AssignmentCPP-Session9/ros2_ws/install/local_setup.ps1'
[43.991s] INFO:colcon.colcon_core.shell:Creating prefix util module '/home/anthonyubuntu/Desktop/inmind/session9/Anthony-Moundalak-ROS2-AssignmentCPP-Session9/ros2_ws/install/_local_setup_util_ps1.py'
[43.993s] INFO:colcon.colcon_core.shell:Creating prefix chain script '/home/anthonyubuntu/Desktop/inmind/session9/Anthony-Moundalak-ROS2-AssignmentCPP-Session9/ros2_ws/install/setup.ps1'
[43.996s] INFO:colcon.colcon_core.shell:Creating prefix script '/home/anthonyubuntu/Desktop/inmind/session9/Anthony-Moundalak-ROS2-AssignmentCPP-Session9/ros2_ws/install/local_setup.sh'
[44.009s] INFO:colcon.colcon_core.shell:Creating prefix util module '/home/anthonyubuntu/Desktop/inmind/session9/Anthony-Moundalak-ROS2-AssignmentCPP-Session9/ros2_ws/install/_local_setup_util_sh.py'
[44.010s] INFO:colcon.colcon_core.shell:Creating prefix chain script '/home/anthonyubuntu/Desktop/inmind/session9/Anthony-Moundalak-ROS2-AssignmentCPP-Session9/ros2_ws/install/setup.sh'
[44.013s] INFO:colcon.colcon_core.shell:Creating prefix script '/home/anthonyubuntu/Desktop/inmind/session9/Anthony-Moundalak-ROS2-AssignmentCPP-Session9/ros2_ws/install/local_setup.bash'
[44.014s] INFO:colcon.colcon_core.shell:Creating prefix chain script '/home/anthonyubuntu/Desktop/inmind/session9/Anthony-Moundalak-ROS2-AssignmentCPP-Session9/ros2_ws/install/setup.bash'
[44.016s] INFO:colcon.colcon_core.shell:Creating prefix script '/home/anthonyubuntu/Desktop/inmind/session9/Anthony-Moundalak-ROS2-AssignmentCPP-Session9/ros2_ws/install/local_setup.zsh'
[44.018s] INFO:colcon.colcon_core.shell:Creating prefix chain script '/home/anthonyubuntu/Desktop/inmind/session9/Anthony-Moundalak-ROS2-AssignmentCPP-Session9/ros2_ws/install/setup.zsh'
