[0.145s] Invoking command in '/home/anthonyubuntu/Desktop/inmind/session9/Anthony-Moundalak-ROS2-AssignmentCPP-Session9/ros2_ws/build/my_interface': CMAKE_PREFIX_PATH=${CMAKE_PREFIX_PATH}:/home/anthonyubuntu/Desktop/inmind/test/gazws/install/turtlebot_navigation:/opt/ros/humble /usr/bin/cmake /home/anthonyubuntu/Desktop/inmind/session9/Anthony-Moundalak-ROS2-AssignmentCPP-Session9/ros2_ws/src/my_interface -DCMAKE_INSTALL_PREFIX=/home/anthonyubuntu/Desktop/inmind/session9/Anthony-Moundalak-ROS2-AssignmentCPP-Session9/ros2_ws/install/my_interface
[1.486s] -- The C compiler identification is GNU 11.4.0
[1.847s] -- The CXX compiler identification is GNU 11.4.0
[1.878s] -- Detecting C compiler ABI info
[2.325s] -- Detecting C compiler ABI info - done
[2.338s] -- Check for working C compiler: /usr/bin/cc - skipped
[2.339s] -- Detecting C compile features
[2.356s] -- Detecting C compile features - done
[2.367s] -- Detecting CXX compiler ABI info
[2.570s] -- Detecting CXX compiler ABI info - done
[2.588s] -- Check for working CXX compiler: /usr/bin/c++ - skipped
[2.589s] -- Detecting CXX compile features
[2.590s] -- Detecting CXX compile features - done
[2.881s] -- Found ament_cmake: 1.3.9 (/opt/ros/humble/share/ament_cmake/cmake)
[3.430s] -- Found Python3: /usr/bin/python3 (found version "3.10.12") found components: Interpreter 
[3.948s] -- Found ament_lint_auto: 0.12.11 (/opt/ros/humble/share/ament_lint_auto/cmake)
[4.266s] -- Found rosidl_default_generators: 1.2.0 (/opt/ros/humble/share/rosidl_default_generators/cmake)
[4.296s] -- Using all available rosidl_typesupport_c: rosidl_typesupport_fastrtps_c;rosidl_typesupport_introspection_c
[4.353s] -- Found rosidl_adapter: 3.1.5 (/opt/ros/humble/share/rosidl_adapter/cmake)
[4.712s] -- Using all available rosidl_typesupport_cpp: rosidl_typesupport_fastrtps_cpp;rosidl_typesupport_introspection_cpp
[5.917s] -- Found ament_cmake_ros: 0.10.0 (/opt/ros/humble/share/ament_cmake_ros/cmake)
[6.490s] -- Using all available rosidl_typesupport_c: rosidl_typesupport_fastrtps_c;rosidl_typesupport_introspection_c
[7.150s] -- Using all available rosidl_typesupport_cpp: rosidl_typesupport_fastrtps_cpp;rosidl_typesupport_introspection_cpp
[7.270s] -- Found PythonInterp: /usr/bin/python3 (found suitable version "3.10.12", minimum required is "3.6") 
[7.322s] -- Found python_cmake_module: 0.10.0 (/opt/ros/humble/share/python_cmake_module/cmake)
[7.461s] -- Found PythonLibs: /usr/lib/x86_64-linux-gnu/libpython3.10.so (found suitable version "3.10.12", minimum required is "3.5") 
[7.461s] -- Using PYTHON_EXECUTABLE: /usr/bin/python3
[7.461s] -- Using PYTHON_INCLUDE_DIRS: /usr/include/python3.10
[7.461s] -- Using PYTHON_LIBRARIES: /usr/lib/x86_64-linux-gnu/libpython3.10.so
[7.517s] -- Found PythonExtra: .so  
[7.727s] -- Added test 'lint_cmake' to check CMake code style
[7.737s] -- Added test 'xmllint' to check XML markup files
[7.810s] -- Configuring done
[8.156s] -- Generating done
[8.188s] -- Build files have been written to: /home/anthonyubuntu/Desktop/inmind/session9/Anthony-Moundalak-ROS2-AssignmentCPP-Session9/ros2_ws/build/my_interface
[8.213s] Invoked command in '/home/anthonyubuntu/Desktop/inmind/session9/Anthony-Moundalak-ROS2-AssignmentCPP-Session9/ros2_ws/build/my_interface' returned '0': CMAKE_PREFIX_PATH=${CMAKE_PREFIX_PATH}:/home/anthonyubuntu/Desktop/inmind/test/gazws/install/turtlebot_navigation:/opt/ros/humble /usr/bin/cmake /home/anthonyubuntu/Desktop/inmind/session9/Anthony-Moundalak-ROS2-AssignmentCPP-Session9/ros2_ws/src/my_interface -DCMAKE_INSTALL_PREFIX=/home/anthonyubuntu/Desktop/inmind/session9/Anthony-Moundalak-ROS2-AssignmentCPP-Session9/ros2_ws/install/my_interface
[8.214s] Invoking command in '/home/anthonyubuntu/Desktop/inmind/session9/Anthony-Moundalak-ROS2-AssignmentCPP-Session9/ros2_ws/build/my_interface': CMAKE_PREFIX_PATH=${CMAKE_PREFIX_PATH}:/home/anthonyubuntu/Desktop/inmind/test/gazws/install/turtlebot_navigation:/opt/ros/humble /usr/bin/cmake --build /home/anthonyubuntu/Desktop/inmind/session9/Anthony-Moundalak-ROS2-AssignmentCPP-Session9/ros2_ws/build/my_interface -- -j4 -l4
[8.308s] [  2%] [34m[1mGenerating C code for ROS interfaces[0m
[8.371s] [  2%] Built target ament_cmake_python_copy_my_interface
[8.374s] [  5%] [34m[1mGenerating C++ code for ROS interfaces[0m
[9.257s] running egg_info
[9.258s] creating my_interface.egg-info
[9.259s] writing my_interface.egg-info/PKG-INFO
[9.284s] writing dependency_links to my_interface.egg-info/dependency_links.txt
[9.284s] writing top-level names to my_interface.egg-info/top_level.txt
[9.285s] writing manifest file 'my_interface.egg-info/SOURCES.txt'
[9.292s] reading manifest file 'my_interface.egg-info/SOURCES.txt'
[9.297s] writing manifest file 'my_interface.egg-info/SOURCES.txt'
[9.390s] [  5%] Built target ament_cmake_python_build_my_interface_egg
[10.114s] [  5%] Built target my_interface__cpp
[10.145s] [  7%] [34m[1mGenerating C++ type support dispatch for ROS interfaces[0m
[10.191s] [ 10%] [34m[1mGenerating C++ introspection for ROS interfaces[0m
[10.200s] [ 12%] [34m[1mGenerating C++ type support for eProsima Fast-RTPS[0m
[10.694s] [ 15%] [32mBuilding C object CMakeFiles/my_interface__rosidl_generator_c.dir/rosidl_generator_c/my_interface/action/detail/measure_lap_time__functions.c.o[0m
[11.644s] [ 17%] [32mBuilding CXX object CMakeFiles/my_interface__rosidl_typesupport_introspection_cpp.dir/rosidl_typesupport_introspection_cpp/my_interface/action/detail/measure_lap_time__type_support.cpp.o[0m
[11.657s] [ 20%] [32mBuilding C object CMakeFiles/my_interface__rosidl_generator_c.dir/rosidl_generator_c/my_interface/srv/detail/find_closest_wall__functions.c.o[0m
[11.849s] [ 23%] [32mBuilding CXX object CMakeFiles/my_interface__rosidl_typesupport_cpp.dir/rosidl_typesupport_cpp/my_interface/action/measure_lap_time__type_support.cpp.o[0m
[11.909s] [ 25%] [32m[1mLinking C shared library libmy_interface__rosidl_generator_c.so[0m
[12.141s] [ 25%] Built target my_interface__rosidl_generator_c
[12.257s] [ 28%] [32mBuilding CXX object CMakeFiles/my_interface__rosidl_typesupport_cpp.dir/rosidl_typesupport_cpp/my_interface/srv/find_closest_wall__type_support.cpp.o[0m
[12.296s] [ 30%] [32mBuilding CXX object CMakeFiles/my_interface__rosidl_typesupport_fastrtps_cpp.dir/rosidl_typesupport_fastrtps_cpp/my_interface/action/detail/dds_fastrtps/measure_lap_time__type_support.cpp.o[0m
[13.266s] [ 33%] [32mBuilding CXX object CMakeFiles/my_interface__rosidl_typesupport_introspection_cpp.dir/rosidl_typesupport_introspection_cpp/my_interface/srv/detail/find_closest_wall__type_support.cpp.o[0m
[15.600s] [ 35%] [32m[1mLinking CXX shared library libmy_interface__rosidl_typesupport_cpp.so[0m
[15.875s] [ 38%] [34m[1mGenerating C type support for eProsima Fast-RTPS[0m
[15.964s] [ 38%] Built target my_interface__rosidl_typesupport_cpp
[15.974s] [ 41%] [32mBuilding CXX object CMakeFiles/my_interface__rosidl_typesupport_fastrtps_cpp.dir/rosidl_typesupport_fastrtps_cpp/my_interface/srv/detail/dds_fastrtps/find_closest_wall__type_support.cpp.o[0m
[15.998s] [ 43%] [34m[1mGenerating C introspection for ROS interfaces[0m
[16.089s] [ 46%] [32m[1mLinking CXX shared library libmy_interface__rosidl_typesupport_introspection_cpp.so[0m
[16.645s] [ 46%] Built target my_interface__rosidl_typesupport_introspection_cpp
[16.752s] [ 48%] [34m[1mGenerating C type support dispatch for ROS interfaces[0m
[17.710s] [ 51%] [32mBuilding CXX object CMakeFiles/my_interface__rosidl_typesupport_fastrtps_c.dir/rosidl_typesupport_fastrtps_c/my_interface/action/detail/measure_lap_time__type_support_c.cpp.o[0m
[18.075s] [ 53%] [32mBuilding CXX object CMakeFiles/my_interface__rosidl_typesupport_c.dir/rosidl_typesupport_c/my_interface/action/measure_lap_time__type_support.cpp.o[0m
[18.087s] [ 56%] [32m[1mLinking CXX shared library libmy_interface__rosidl_typesupport_fastrtps_cpp.so[0m
[18.202s] [ 58%] [32mBuilding C object CMakeFiles/my_interface__rosidl_typesupport_introspection_c.dir/rosidl_typesupport_introspection_c/my_interface/action/detail/measure_lap_time__type_support.c.o[0m
[18.274s] [ 61%] [32mBuilding CXX object CMakeFiles/my_interface__rosidl_typesupport_c.dir/rosidl_typesupport_c/my_interface/srv/find_closest_wall__type_support.cpp.o[0m
[18.459s] [ 64%] [32m[1mLinking CXX shared library libmy_interface__rosidl_typesupport_c.so[0m
[18.504s] [ 66%] [32mBuilding C object CMakeFiles/my_interface__rosidl_typesupport_introspection_c.dir/rosidl_typesupport_introspection_c/my_interface/srv/detail/find_closest_wall__type_support.c.o[0m
[18.594s] [ 66%] Built target my_interface__rosidl_typesupport_fastrtps_cpp
[18.658s] [ 69%] [32mBuilding CXX object CMakeFiles/my_interface__rosidl_typesupport_fastrtps_c.dir/rosidl_typesupport_fastrtps_c/my_interface/srv/detail/find_closest_wall__type_support_c.cpp.o[0m
[18.666s] [ 71%] [32m[1mLinking C shared library libmy_interface__rosidl_typesupport_introspection_c.so[0m
[18.704s] [ 71%] Built target my_interface__rosidl_typesupport_c
[18.828s] [ 71%] Built target my_interface__rosidl_typesupport_introspection_c
[19.832s] [ 74%] [32m[1mLinking CXX shared library libmy_interface__rosidl_typesupport_fastrtps_c.so[0m
[20.105s] [ 74%] Built target my_interface__rosidl_typesupport_fastrtps_c
[20.159s] [ 74%] Built target my_interface
[20.214s] [ 76%] [34m[1mGenerating Python code for ROS interfaces[0m
[22.533s] [ 76%] Built target my_interface__py
[22.594s] [ 79%] [32mBuilding C object CMakeFiles/my_interface__rosidl_generator_py.dir/rosidl_generator_py/my_interface/srv/_find_closest_wall_s.c.o[0m
[22.597s] [ 82%] [32mBuilding C object CMakeFiles/my_interface__rosidl_generator_py.dir/rosidl_generator_py/my_interface/action/_measure_lap_time_s.c.o[0m
[23.468s] [ 84%] [32m[1mLinking C shared library rosidl_generator_py/my_interface/libmy_interface__rosidl_generator_py.so[0m
[23.609s] [ 84%] Built target my_interface__rosidl_generator_py
[23.659s] [ 87%] [32mBuilding C object CMakeFiles/my_interface__rosidl_typesupport_introspection_c__pyext.dir/rosidl_generator_py/my_interface/_my_interface_s.ep.rosidl_typesupport_introspection_c.c.o[0m
[23.660s] [ 89%] [32mBuilding C object CMakeFiles/my_interface__rosidl_typesupport_fastrtps_c__pyext.dir/rosidl_generator_py/my_interface/_my_interface_s.ep.rosidl_typesupport_fastrtps_c.c.o[0m
[23.955s] [ 92%] [32m[1mLinking C shared library rosidl_generator_py/my_interface/my_interface_s__rosidl_typesupport_introspection_c.cpython-310-x86_64-linux-gnu.so[0m
[24.018s] [ 94%] [32m[1mLinking C shared library rosidl_generator_py/my_interface/my_interface_s__rosidl_typesupport_fastrtps_c.cpython-310-x86_64-linux-gnu.so[0m
[24.125s] [ 94%] Built target my_interface__rosidl_typesupport_introspection_c__pyext
[24.144s] [ 94%] Built target my_interface__rosidl_typesupport_fastrtps_c__pyext
[24.209s] [ 97%] [32mBuilding C object CMakeFiles/my_interface__rosidl_typesupport_c__pyext.dir/rosidl_generator_py/my_interface/_my_interface_s.ep.rosidl_typesupport_c.c.o[0m
[24.540s] [100%] [32m[1mLinking C shared library rosidl_generator_py/my_interface/my_interface_s__rosidl_typesupport_c.cpython-310-x86_64-linux-gnu.so[0m
[24.655s] [100%] Built target my_interface__rosidl_typesupport_c__pyext
[24.692s] Invoked command in '/home/anthonyubuntu/Desktop/inmind/session9/Anthony-Moundalak-ROS2-AssignmentCPP-Session9/ros2_ws/build/my_interface' returned '0': CMAKE_PREFIX_PATH=${CMAKE_PREFIX_PATH}:/home/anthonyubuntu/Desktop/inmind/test/gazws/install/turtlebot_navigation:/opt/ros/humble /usr/bin/cmake --build /home/anthonyubuntu/Desktop/inmind/session9/Anthony-Moundalak-ROS2-AssignmentCPP-Session9/ros2_ws/build/my_interface -- -j4 -l4
[24.951s] Invoking command in '/home/anthonyubuntu/Desktop/inmind/session9/Anthony-Moundalak-ROS2-AssignmentCPP-Session9/ros2_ws/build/my_interface': CMAKE_PREFIX_PATH=${CMAKE_PREFIX_PATH}:/home/anthonyubuntu/Desktop/inmind/test/gazws/install/turtlebot_navigation:/opt/ros/humble /usr/bin/cmake --install /home/anthonyubuntu/Desktop/inmind/session9/Anthony-Moundalak-ROS2-AssignmentCPP-Session9/ros2_ws/build/my_interface
[24.976s] -- Install configuration: ""
[24.977s] -- Installing: /home/anthonyubuntu/Desktop/inmind/session9/Anthony-Moundalak-ROS2-AssignmentCPP-Session9/ros2_ws/install/my_interface/share/ament_index/resource_index/rosidl_interfaces/my_interface
[24.978s] -- Installing: /home/anthonyubuntu/Desktop/inmind/session9/Anthony-Moundalak-ROS2-AssignmentCPP-Session9/ros2_ws/install/my_interface/include/my_interface/my_interface
[24.978s] -- Installing: /home/anthonyubuntu/Desktop/inmind/session9/Anthony-Moundalak-ROS2-AssignmentCPP-Session9/ros2_ws/install/my_interface/include/my_interface/my_interface/srv
[24.978s] -- Installing: /home/anthonyubuntu/Desktop/inmind/session9/Anthony-Moundalak-ROS2-AssignmentCPP-Session9/ros2_ws/install/my_interface/include/my_interface/my_interface/srv/detail
[24.978s] -- Installing: /home/anthonyubuntu/Desktop/inmind/session9/Anthony-Moundalak-ROS2-AssignmentCPP-Session9/ros2_ws/install/my_interface/include/my_interface/my_interface/srv/detail/find_closest_wall__type_support.h
[24.979s] -- Installing: /home/anthonyubuntu/Desktop/inmind/session9/Anthony-Moundalak-ROS2-AssignmentCPP-Session9/ros2_ws/install/my_interface/include/my_interface/my_interface/srv/detail/find_closest_wall__functions.c
[24.980s] -- Installing: /home/anthonyubuntu/Desktop/inmind/session9/Anthony-Moundalak-ROS2-AssignmentCPP-Session9/ros2_ws/install/my_interface/include/my_interface/my_interface/srv/detail/find_closest_wall__struct.h
[24.980s] -- Installing: /home/anthonyubuntu/Desktop/inmind/session9/Anthony-Moundalak-ROS2-AssignmentCPP-Session9/ros2_ws/install/my_interface/include/my_interface/my_interface/srv/detail/find_closest_wall__functions.h
[24.981s] -- Installing: /home/anthonyubuntu/Desktop/inmind/session9/Anthony-Moundalak-ROS2-AssignmentCPP-Session9/ros2_ws/install/my_interface/include/my_interface/my_interface/srv/find_closest_wall.h
[24.981s] -- Installing: /home/anthonyubuntu/Desktop/inmind/session9/Anthony-Moundalak-ROS2-AssignmentCPP-Session9/ros2_ws/install/my_interface/include/my_interface/my_interface/msg
[24.981s] -- Installing: /home/anthonyubuntu/Desktop/inmind/session9/Anthony-Moundalak-ROS2-AssignmentCPP-Session9/ros2_ws/install/my_interface/include/my_interface/my_interface/msg/rosidl_generator_c__visibility_control.h
[24.992s] -- Installing: /home/anthonyubuntu/Desktop/inmind/session9/Anthony-Moundalak-ROS2-AssignmentCPP-Session9/ros2_ws/install/my_interface/include/my_interface/my_interface/action
[24.993s] -- Installing: /home/anthonyubuntu/Desktop/inmind/session9/Anthony-Moundalak-ROS2-AssignmentCPP-Session9/ros2_ws/install/my_interface/include/my_interface/my_interface/action/detail
[24.993s] -- Installing: /home/anthonyubuntu/Desktop/inmind/session9/Anthony-Moundalak-ROS2-AssignmentCPP-Session9/ros2_ws/install/my_interface/include/my_interface/my_interface/action/detail/measure_lap_time__functions.c
[24.994s] -- Installing: /home/anthonyubuntu/Desktop/inmind/session9/Anthony-Moundalak-ROS2-AssignmentCPP-Session9/ros2_ws/install/my_interface/include/my_interface/my_interface/action/detail/measure_lap_time__type_support.h
[24.995s] -- Installing: /home/anthonyubuntu/Desktop/inmind/session9/Anthony-Moundalak-ROS2-AssignmentCPP-Session9/ros2_ws/install/my_interface/include/my_interface/my_interface/action/detail/measure_lap_time__struct.h
[24.995s] -- Installing: /home/anthonyubuntu/Desktop/inmind/session9/Anthony-Moundalak-ROS2-AssignmentCPP-Session9/ros2_ws/install/my_interface/include/my_interface/my_interface/action/detail/measure_lap_time__functions.h
[24.996s] -- Installing: /home/anthonyubuntu/Desktop/inmind/session9/Anthony-Moundalak-ROS2-AssignmentCPP-Session9/ros2_ws/install/my_interface/include/my_interface/my_interface/action/measure_lap_time.h
[24.997s] -- Installing: /home/anthonyubuntu/Desktop/inmind/session9/Anthony-Moundalak-ROS2-AssignmentCPP-Session9/ros2_ws/install/my_interface/share/my_interface/environment/library_path.sh
[25.008s] -- Installing: /home/anthonyubuntu/Desktop/inmind/session9/Anthony-Moundalak-ROS2-AssignmentCPP-Session9/ros2_ws/install/my_interface/share/my_interface/environment/library_path.dsv
[25.009s] -- Installing: /home/anthonyubuntu/Desktop/inmind/session9/Anthony-Moundalak-ROS2-AssignmentCPP-Session9/ros2_ws/install/my_interface/lib/libmy_interface__rosidl_generator_c.so
[25.011s] -- Set runtime path of "/home/anthonyubuntu/Desktop/inmind/session9/Anthony-Moundalak-ROS2-AssignmentCPP-Session9/ros2_ws/install/my_interface/lib/libmy_interface__rosidl_generator_c.so" to ""
[25.011s] -- Up-to-date: /home/anthonyubuntu/Desktop/inmind/session9/Anthony-Moundalak-ROS2-AssignmentCPP-Session9/ros2_ws/install/my_interface/include/my_interface/my_interface
[25.011s] -- Up-to-date: /home/anthonyubuntu/Desktop/inmind/session9/Anthony-Moundalak-ROS2-AssignmentCPP-Session9/ros2_ws/install/my_interface/include/my_interface/my_interface/srv
[25.011s] -- Up-to-date: /home/anthonyubuntu/Desktop/inmind/session9/Anthony-Moundalak-ROS2-AssignmentCPP-Session9/ros2_ws/install/my_interface/include/my_interface/my_interface/srv/detail
[25.011s] -- Installing: /home/anthonyubuntu/Desktop/inmind/session9/Anthony-Moundalak-ROS2-AssignmentCPP-Session9/ros2_ws/install/my_interface/include/my_interface/my_interface/srv/detail/find_closest_wall__rosidl_typesupport_fastrtps_c.h
[25.012s] -- Up-to-date: /home/anthonyubuntu/Desktop/inmind/session9/Anthony-Moundalak-ROS2-AssignmentCPP-Session9/ros2_ws/install/my_interface/include/my_interface/my_interface/msg
[25.012s] -- Installing: /home/anthonyubuntu/Desktop/inmind/session9/Anthony-Moundalak-ROS2-AssignmentCPP-Session9/ros2_ws/install/my_interface/include/my_interface/my_interface/msg/rosidl_typesupport_fastrtps_c__visibility_control.h
[25.013s] -- Up-to-date: /home/anthonyubuntu/Desktop/inmind/session9/Anthony-Moundalak-ROS2-AssignmentCPP-Session9/ros2_ws/install/my_interface/include/my_interface/my_interface/action
[25.014s] -- Up-to-date: /home/anthonyubuntu/Desktop/inmind/session9/Anthony-Moundalak-ROS2-AssignmentCPP-Session9/ros2_ws/install/my_interface/include/my_interface/my_interface/action/detail
[25.014s] -- Installing: /home/anthonyubuntu/Desktop/inmind/session9/Anthony-Moundalak-ROS2-AssignmentCPP-Session9/ros2_ws/install/my_interface/include/my_interface/my_interface/action/detail/measure_lap_time__rosidl_typesupport_fastrtps_c.h
[25.015s] -- Installing: /home/anthonyubuntu/Desktop/inmind/session9/Anthony-Moundalak-ROS2-AssignmentCPP-Session9/ros2_ws/install/my_interface/lib/libmy_interface__rosidl_typesupport_fastrtps_c.so
[25.019s] -- Set runtime path of "/home/anthonyubuntu/Desktop/inmind/session9/Anthony-Moundalak-ROS2-AssignmentCPP-Session9/ros2_ws/install/my_interface/lib/libmy_interface__rosidl_typesupport_fastrtps_c.so" to ""
[25.019s] -- Up-to-date: /home/anthonyubuntu/Desktop/inmind/session9/Anthony-Moundalak-ROS2-AssignmentCPP-Session9/ros2_ws/install/my_interface/include/my_interface/my_interface
[25.019s] -- Up-to-date: /home/anthonyubuntu/Desktop/inmind/session9/Anthony-Moundalak-ROS2-AssignmentCPP-Session9/ros2_ws/install/my_interface/include/my_interface/my_interface/srv
[25.019s] -- Up-to-date: /home/anthonyubuntu/Desktop/inmind/session9/Anthony-Moundalak-ROS2-AssignmentCPP-Session9/ros2_ws/install/my_interface/include/my_interface/my_interface/srv/detail
[25.019s] -- Installing: /home/anthonyubuntu/Desktop/inmind/session9/Anthony-Moundalak-ROS2-AssignmentCPP-Session9/ros2_ws/install/my_interface/include/my_interface/my_interface/srv/detail/find_closest_wall__rosidl_typesupport_introspection_c.h
[25.021s] -- Installing: /home/anthonyubuntu/Desktop/inmind/session9/Anthony-Moundalak-ROS2-AssignmentCPP-Session9/ros2_ws/install/my_interface/include/my_interface/my_interface/srv/detail/find_closest_wall__type_support.c
[25.021s] -- Up-to-date: /home/anthonyubuntu/Desktop/inmind/session9/Anthony-Moundalak-ROS2-AssignmentCPP-Session9/ros2_ws/install/my_interface/include/my_interface/my_interface/msg
[25.021s] -- Installing: /home/anthonyubuntu/Desktop/inmind/session9/Anthony-Moundalak-ROS2-AssignmentCPP-Session9/ros2_ws/install/my_interface/include/my_interface/my_interface/msg/rosidl_typesupport_introspection_c__visibility_control.h
[25.022s] -- Up-to-date: /home/anthonyubuntu/Desktop/inmind/session9/Anthony-Moundalak-ROS2-AssignmentCPP-Session9/ros2_ws/install/my_interface/include/my_interface/my_interface/action
[25.022s] -- Up-to-date: /home/anthonyubuntu/Desktop/inmind/session9/Anthony-Moundalak-ROS2-AssignmentCPP-Session9/ros2_ws/install/my_interface/include/my_interface/my_interface/action/detail
[25.022s] -- Installing: /home/anthonyubuntu/Desktop/inmind/session9/Anthony-Moundalak-ROS2-AssignmentCPP-Session9/ros2_ws/install/my_interface/include/my_interface/my_interface/action/detail/measure_lap_time__type_support.c
[25.023s] -- Installing: /home/anthonyubuntu/Desktop/inmind/session9/Anthony-Moundalak-ROS2-AssignmentCPP-Session9/ros2_ws/install/my_interface/include/my_interface/my_interface/action/detail/measure_lap_time__rosidl_typesupport_introspection_c.h
[25.024s] -- Installing: /home/anthonyubuntu/Desktop/inmind/session9/Anthony-Moundalak-ROS2-AssignmentCPP-Session9/ros2_ws/install/my_interface/lib/libmy_interface__rosidl_typesupport_introspection_c.so
[25.026s] -- Set runtime path of "/home/anthonyubuntu/Desktop/inmind/session9/Anthony-Moundalak-ROS2-AssignmentCPP-Session9/ros2_ws/install/my_interface/lib/libmy_interface__rosidl_typesupport_introspection_c.so" to ""
[25.026s] -- Installing: /home/anthonyubuntu/Desktop/inmind/session9/Anthony-Moundalak-ROS2-AssignmentCPP-Session9/ros2_ws/install/my_interface/lib/libmy_interface__rosidl_typesupport_c.so
[25.027s] -- Set runtime path of "/home/anthonyubuntu/Desktop/inmind/session9/Anthony-Moundalak-ROS2-AssignmentCPP-Session9/ros2_ws/install/my_interface/lib/libmy_interface__rosidl_typesupport_c.so" to ""
[25.028s] -- Up-to-date: /home/anthonyubuntu/Desktop/inmind/session9/Anthony-Moundalak-ROS2-AssignmentCPP-Session9/ros2_ws/install/my_interface/include/my_interface/my_interface
[25.029s] -- Up-to-date: /home/anthonyubuntu/Desktop/inmind/session9/Anthony-Moundalak-ROS2-AssignmentCPP-Session9/ros2_ws/install/my_interface/include/my_interface/my_interface/srv
[25.029s] -- Up-to-date: /home/anthonyubuntu/Desktop/inmind/session9/Anthony-Moundalak-ROS2-AssignmentCPP-Session9/ros2_ws/install/my_interface/include/my_interface/my_interface/srv/detail
[25.031s] -- Installing: /home/anthonyubuntu/Desktop/inmind/session9/Anthony-Moundalak-ROS2-AssignmentCPP-Session9/ros2_ws/install/my_interface/include/my_interface/my_interface/srv/detail/find_closest_wall__builder.hpp
[25.031s] -- Installing: /home/anthonyubuntu/Desktop/inmind/session9/Anthony-Moundalak-ROS2-AssignmentCPP-Session9/ros2_ws/install/my_interface/include/my_interface/my_interface/srv/detail/find_closest_wall__traits.hpp
[25.031s] -- Installing: /home/anthonyubuntu/Desktop/inmind/session9/Anthony-Moundalak-ROS2-AssignmentCPP-Session9/ros2_ws/install/my_interface/include/my_interface/my_interface/srv/detail/find_closest_wall__struct.hpp
[25.033s] -- Installing: /home/anthonyubuntu/Desktop/inmind/session9/Anthony-Moundalak-ROS2-AssignmentCPP-Session9/ros2_ws/install/my_interface/include/my_interface/my_interface/srv/find_closest_wall.hpp
[25.033s] -- Up-to-date: /home/anthonyubuntu/Desktop/inmind/session9/Anthony-Moundalak-ROS2-AssignmentCPP-Session9/ros2_ws/install/my_interface/include/my_interface/my_interface/action
[25.033s] -- Up-to-date: /home/anthonyubuntu/Desktop/inmind/session9/Anthony-Moundalak-ROS2-AssignmentCPP-Session9/ros2_ws/install/my_interface/include/my_interface/my_interface/action/detail
[25.034s] -- Installing: /home/anthonyubuntu/Desktop/inmind/session9/Anthony-Moundalak-ROS2-AssignmentCPP-Session9/ros2_ws/install/my_interface/include/my_interface/my_interface/action/detail/measure_lap_time__struct.hpp
[25.034s] -- Installing: /home/anthonyubuntu/Desktop/inmind/session9/Anthony-Moundalak-ROS2-AssignmentCPP-Session9/ros2_ws/install/my_interface/include/my_interface/my_interface/action/detail/measure_lap_time__builder.hpp
[25.034s] -- Installing: /home/anthonyubuntu/Desktop/inmind/session9/Anthony-Moundalak-ROS2-AssignmentCPP-Session9/ros2_ws/install/my_interface/include/my_interface/my_interface/action/detail/measure_lap_time__traits.hpp
[25.034s] -- Installing: /home/anthonyubuntu/Desktop/inmind/session9/Anthony-Moundalak-ROS2-AssignmentCPP-Session9/ros2_ws/install/my_interface/include/my_interface/my_interface/action/measure_lap_time.hpp
[25.034s] -- Up-to-date: /home/anthonyubuntu/Desktop/inmind/session9/Anthony-Moundalak-ROS2-AssignmentCPP-Session9/ros2_ws/install/my_interface/include/my_interface/my_interface
[25.034s] -- Up-to-date: /home/anthonyubuntu/Desktop/inmind/session9/Anthony-Moundalak-ROS2-AssignmentCPP-Session9/ros2_ws/install/my_interface/include/my_interface/my_interface/srv
[25.035s] -- Up-to-date: /home/anthonyubuntu/Desktop/inmind/session9/Anthony-Moundalak-ROS2-AssignmentCPP-Session9/ros2_ws/install/my_interface/include/my_interface/my_interface/srv/detail
[25.035s] -- Installing: /home/anthonyubuntu/Desktop/inmind/session9/Anthony-Moundalak-ROS2-AssignmentCPP-Session9/ros2_ws/install/my_interface/include/my_interface/my_interface/srv/detail/find_closest_wall__rosidl_typesupport_fastrtps_cpp.hpp
[25.035s] -- Installing: /home/anthonyubuntu/Desktop/inmind/session9/Anthony-Moundalak-ROS2-AssignmentCPP-Session9/ros2_ws/install/my_interface/include/my_interface/my_interface/srv/detail/dds_fastrtps
[25.035s] -- Up-to-date: /home/anthonyubuntu/Desktop/inmind/session9/Anthony-Moundalak-ROS2-AssignmentCPP-Session9/ros2_ws/install/my_interface/include/my_interface/my_interface/msg
[25.035s] -- Installing: /home/anthonyubuntu/Desktop/inmind/session9/Anthony-Moundalak-ROS2-AssignmentCPP-Session9/ros2_ws/install/my_interface/include/my_interface/my_interface/msg/rosidl_typesupport_fastrtps_cpp__visibility_control.h
[25.035s] -- Up-to-date: /home/anthonyubuntu/Desktop/inmind/session9/Anthony-Moundalak-ROS2-AssignmentCPP-Session9/ros2_ws/install/my_interface/include/my_interface/my_interface/action
[25.036s] -- Up-to-date: /home/anthonyubuntu/Desktop/inmind/session9/Anthony-Moundalak-ROS2-AssignmentCPP-Session9/ros2_ws/install/my_interface/include/my_interface/my_interface/action/detail
[25.036s] -- Installing: /home/anthonyubuntu/Desktop/inmind/session9/Anthony-Moundalak-ROS2-AssignmentCPP-Session9/ros2_ws/install/my_interface/include/my_interface/my_interface/action/detail/measure_lap_time__rosidl_typesupport_fastrtps_cpp.hpp
[25.036s] -- Installing: /home/anthonyubuntu/Desktop/inmind/session9/Anthony-Moundalak-ROS2-AssignmentCPP-Session9/ros2_ws/install/my_interface/include/my_interface/my_interface/action/detail/dds_fastrtps
[25.036s] -- Installing: /home/anthonyubuntu/Desktop/inmind/session9/Anthony-Moundalak-ROS2-AssignmentCPP-Session9/ros2_ws/install/my_interface/lib/libmy_interface__rosidl_typesupport_fastrtps_cpp.so
[25.036s] -- Set runtime path of "/home/anthonyubuntu/Desktop/inmind/session9/Anthony-Moundalak-ROS2-AssignmentCPP-Session9/ros2_ws/install/my_interface/lib/libmy_interface__rosidl_typesupport_fastrtps_cpp.so" to ""
[25.036s] -- Up-to-date: /home/anthonyubuntu/Desktop/inmind/session9/Anthony-Moundalak-ROS2-AssignmentCPP-Session9/ros2_ws/install/my_interface/include/my_interface/my_interface
[25.037s] -- Up-to-date: /home/anthonyubuntu/Desktop/inmind/session9/Anthony-Moundalak-ROS2-AssignmentCPP-Session9/ros2_ws/install/my_interface/include/my_interface/my_interface/srv
[25.037s] -- Up-to-date: /home/anthonyubuntu/Desktop/inmind/session9/Anthony-Moundalak-ROS2-AssignmentCPP-Session9/ros2_ws/install/my_interface/include/my_interface/my_interface/srv/detail
[25.037s] -- Installing: /home/anthonyubuntu/Desktop/inmind/session9/Anthony-Moundalak-ROS2-AssignmentCPP-Session9/ros2_ws/install/my_interface/include/my_interface/my_interface/srv/detail/find_closest_wall__type_support.cpp
[25.037s] -- Installing: /home/anthonyubuntu/Desktop/inmind/session9/Anthony-Moundalak-ROS2-AssignmentCPP-Session9/ros2_ws/install/my_interface/include/my_interface/my_interface/srv/detail/find_closest_wall__rosidl_typesupport_introspection_cpp.hpp
[25.045s] -- Up-to-date: /home/anthonyubuntu/Desktop/inmind/session9/Anthony-Moundalak-ROS2-AssignmentCPP-Session9/ros2_ws/install/my_interface/include/my_interface/my_interface/action
[25.045s] -- Up-to-date: /home/anthonyubuntu/Desktop/inmind/session9/Anthony-Moundalak-ROS2-AssignmentCPP-Session9/ros2_ws/install/my_interface/include/my_interface/my_interface/action/detail
[25.045s] -- Installing: /home/anthonyubuntu/Desktop/inmind/session9/Anthony-Moundalak-ROS2-AssignmentCPP-Session9/ros2_ws/install/my_interface/include/my_interface/my_interface/action/detail/measure_lap_time__rosidl_typesupport_introspection_cpp.hpp
[25.046s] -- Installing: /home/anthonyubuntu/Desktop/inmind/session9/Anthony-Moundalak-ROS2-AssignmentCPP-Session9/ros2_ws/install/my_interface/include/my_interface/my_interface/action/detail/measure_lap_time__type_support.cpp
[25.046s] -- Installing: /home/anthonyubuntu/Desktop/inmind/session9/Anthony-Moundalak-ROS2-AssignmentCPP-Session9/ros2_ws/install/my_interface/lib/libmy_interface__rosidl_typesupport_introspection_cpp.so
[25.047s] -- Set runtime path of "/home/anthonyubuntu/Desktop/inmind/session9/Anthony-Moundalak-ROS2-AssignmentCPP-Session9/ros2_ws/install/my_interface/lib/libmy_interface__rosidl_typesupport_introspection_cpp.so" to ""
[25.048s] -- Installing: /home/anthonyubuntu/Desktop/inmind/session9/Anthony-Moundalak-ROS2-AssignmentCPP-Session9/ros2_ws/install/my_interface/lib/libmy_interface__rosidl_typesupport_cpp.so
[25.048s] -- Set runtime path of "/home/anthonyubuntu/Desktop/inmind/session9/Anthony-Moundalak-ROS2-AssignmentCPP-Session9/ros2_ws/install/my_interface/lib/libmy_interface__rosidl_typesupport_cpp.so" to ""
[25.048s] -- Installing: /home/anthonyubuntu/Desktop/inmind/session9/Anthony-Moundalak-ROS2-AssignmentCPP-Session9/ros2_ws/install/my_interface/share/my_interface/environment/pythonpath.sh
[25.049s] -- Installing: /home/anthonyubuntu/Desktop/inmind/session9/Anthony-Moundalak-ROS2-AssignmentCPP-Session9/ros2_ws/install/my_interface/share/my_interface/environment/pythonpath.dsv
[25.049s] -- Installing: /home/anthonyubuntu/Desktop/inmind/session9/Anthony-Moundalak-ROS2-AssignmentCPP-Session9/ros2_ws/install/my_interface/local/lib/python3.10/dist-packages/my_interface-0.0.0-py3.10.egg-info
[25.049s] -- Installing: /home/anthonyubuntu/Desktop/inmind/session9/Anthony-Moundalak-ROS2-AssignmentCPP-Session9/ros2_ws/install/my_interface/local/lib/python3.10/dist-packages/my_interface-0.0.0-py3.10.egg-info/dependency_links.txt
[25.049s] -- Installing: /home/anthonyubuntu/Desktop/inmind/session9/Anthony-Moundalak-ROS2-AssignmentCPP-Session9/ros2_ws/install/my_interface/local/lib/python3.10/dist-packages/my_interface-0.0.0-py3.10.egg-info/top_level.txt
[25.050s] -- Installing: /home/anthonyubuntu/Desktop/inmind/session9/Anthony-Moundalak-ROS2-AssignmentCPP-Session9/ros2_ws/install/my_interface/local/lib/python3.10/dist-packages/my_interface-0.0.0-py3.10.egg-info/PKG-INFO
[25.050s] -- Installing: /home/anthonyubuntu/Desktop/inmind/session9/Anthony-Moundalak-ROS2-AssignmentCPP-Session9/ros2_ws/install/my_interface/local/lib/python3.10/dist-packages/my_interface-0.0.0-py3.10.egg-info/SOURCES.txt
[25.051s] -- Installing: /home/anthonyubuntu/Desktop/inmind/session9/Anthony-Moundalak-ROS2-AssignmentCPP-Session9/ros2_ws/install/my_interface/local/lib/python3.10/dist-packages/my_interface
[25.051s] -- Installing: /home/anthonyubuntu/Desktop/inmind/session9/Anthony-Moundalak-ROS2-AssignmentCPP-Session9/ros2_ws/install/my_interface/local/lib/python3.10/dist-packages/my_interface/__init__.py
[25.051s] -- Installing: /home/anthonyubuntu/Desktop/inmind/session9/Anthony-Moundalak-ROS2-AssignmentCPP-Session9/ros2_ws/install/my_interface/local/lib/python3.10/dist-packages/my_interface/srv
[25.051s] -- Installing: /home/anthonyubuntu/Desktop/inmind/session9/Anthony-Moundalak-ROS2-AssignmentCPP-Session9/ros2_ws/install/my_interface/local/lib/python3.10/dist-packages/my_interface/srv/_find_closest_wall.py
[25.052s] -- Installing: /home/anthonyubuntu/Desktop/inmind/session9/Anthony-Moundalak-ROS2-AssignmentCPP-Session9/ros2_ws/install/my_interface/local/lib/python3.10/dist-packages/my_interface/srv/__init__.py
[25.052s] -- Installing: /home/anthonyubuntu/Desktop/inmind/session9/Anthony-Moundalak-ROS2-AssignmentCPP-Session9/ros2_ws/install/my_interface/local/lib/python3.10/dist-packages/my_interface/srv/_find_closest_wall_s.c
[25.052s] -- Installing: /home/anthonyubuntu/Desktop/inmind/session9/Anthony-Moundalak-ROS2-AssignmentCPP-Session9/ros2_ws/install/my_interface/local/lib/python3.10/dist-packages/my_interface/my_interface_s__rosidl_typesupport_fastrtps_c.cpython-310-x86_64-linux-gnu.so
[25.052s] -- Installing: /home/anthonyubuntu/Desktop/inmind/session9/Anthony-Moundalak-ROS2-AssignmentCPP-Session9/ros2_ws/install/my_interface/local/lib/python3.10/dist-packages/my_interface/my_interface_s__rosidl_typesupport_c.cpython-310-x86_64-linux-gnu.so
[25.053s] -- Installing: /home/anthonyubuntu/Desktop/inmind/session9/Anthony-Moundalak-ROS2-AssignmentCPP-Session9/ros2_ws/install/my_interface/local/lib/python3.10/dist-packages/my_interface/_my_interface_s.ep.rosidl_typesupport_introspection_c.c
[25.053s] -- Installing: /home/anthonyubuntu/Desktop/inmind/session9/Anthony-Moundalak-ROS2-AssignmentCPP-Session9/ros2_ws/install/my_interface/local/lib/python3.10/dist-packages/my_interface/libmy_interface__rosidl_generator_py.so
[25.053s] -- Installing: /home/anthonyubuntu/Desktop/inmind/session9/Anthony-Moundalak-ROS2-AssignmentCPP-Session9/ros2_ws/install/my_interface/local/lib/python3.10/dist-packages/my_interface/my_interface_s__rosidl_typesupport_introspection_c.cpython-310-x86_64-linux-gnu.so
[25.054s] -- Installing: /home/anthonyubuntu/Desktop/inmind/session9/Anthony-Moundalak-ROS2-AssignmentCPP-Session9/ros2_ws/install/my_interface/local/lib/python3.10/dist-packages/my_interface/_my_interface_s.ep.rosidl_typesupport_c.c
[25.054s] -- Installing: /home/anthonyubuntu/Desktop/inmind/session9/Anthony-Moundalak-ROS2-AssignmentCPP-Session9/ros2_ws/install/my_interface/local/lib/python3.10/dist-packages/my_interface/_my_interface_s.ep.rosidl_typesupport_fastrtps_c.c
[25.066s] -- Installing: /home/anthonyubuntu/Desktop/inmind/session9/Anthony-Moundalak-ROS2-AssignmentCPP-Session9/ros2_ws/install/my_interface/local/lib/python3.10/dist-packages/my_interface/action
[25.067s] -- Installing: /home/anthonyubuntu/Desktop/inmind/session9/Anthony-Moundalak-ROS2-AssignmentCPP-Session9/ros2_ws/install/my_interface/local/lib/python3.10/dist-packages/my_interface/action/__init__.py
[25.067s] -- Installing: /home/anthonyubuntu/Desktop/inmind/session9/Anthony-Moundalak-ROS2-AssignmentCPP-Session9/ros2_ws/install/my_interface/local/lib/python3.10/dist-packages/my_interface/action/_measure_lap_time.py
[25.068s] -- Installing: /home/anthonyubuntu/Desktop/inmind/session9/Anthony-Moundalak-ROS2-AssignmentCPP-Session9/ros2_ws/install/my_interface/local/lib/python3.10/dist-packages/my_interface/action/_measure_lap_time_s.c
[25.221s] Listing '/home/anthonyubuntu/Desktop/inmind/session9/Anthony-Moundalak-ROS2-AssignmentCPP-Session9/ros2_ws/install/my_interface/local/lib/python3.10/dist-packages/my_interface'...
[25.221s] Compiling '/home/anthonyubuntu/Desktop/inmind/session9/Anthony-Moundalak-ROS2-AssignmentCPP-Session9/ros2_ws/install/my_interface/local/lib/python3.10/dist-packages/my_interface/__init__.py'...
[25.221s] Listing '/home/anthonyubuntu/Desktop/inmind/session9/Anthony-Moundalak-ROS2-AssignmentCPP-Session9/ros2_ws/install/my_interface/local/lib/python3.10/dist-packages/my_interface/action'...
[25.222s] Compiling '/home/anthonyubuntu/Desktop/inmind/session9/Anthony-Moundalak-ROS2-AssignmentCPP-Session9/ros2_ws/install/my_interface/local/lib/python3.10/dist-packages/my_interface/action/__init__.py'...
[25.222s] Compiling '/home/anthonyubuntu/Desktop/inmind/session9/Anthony-Moundalak-ROS2-AssignmentCPP-Session9/ros2_ws/install/my_interface/local/lib/python3.10/dist-packages/my_interface/action/_measure_lap_time.py'...
[25.223s] Listing '/home/anthonyubuntu/Desktop/inmind/session9/Anthony-Moundalak-ROS2-AssignmentCPP-Session9/ros2_ws/install/my_interface/local/lib/python3.10/dist-packages/my_interface/srv'...
[25.223s] Compiling '/home/anthonyubuntu/Desktop/inmind/session9/Anthony-Moundalak-ROS2-AssignmentCPP-Session9/ros2_ws/install/my_interface/local/lib/python3.10/dist-packages/my_interface/srv/__init__.py'...
[25.223s] Compiling '/home/anthonyubuntu/Desktop/inmind/session9/Anthony-Moundalak-ROS2-AssignmentCPP-Session9/ros2_ws/install/my_interface/local/lib/python3.10/dist-packages/my_interface/srv/_find_closest_wall.py'...
[25.234s] -- Installing: /home/anthonyubuntu/Desktop/inmind/session9/Anthony-Moundalak-ROS2-AssignmentCPP-Session9/ros2_ws/install/my_interface/local/lib/python3.10/dist-packages/my_interface/my_interface_s__rosidl_typesupport_fastrtps_c.cpython-310-x86_64-linux-gnu.so
[25.237s] -- Set runtime path of "/home/anthonyubuntu/Desktop/inmind/session9/Anthony-Moundalak-ROS2-AssignmentCPP-Session9/ros2_ws/install/my_interface/local/lib/python3.10/dist-packages/my_interface/my_interface_s__rosidl_typesupport_fastrtps_c.cpython-310-x86_64-linux-gnu.so" to ""
[25.237s] -- Installing: /home/anthonyubuntu/Desktop/inmind/session9/Anthony-Moundalak-ROS2-AssignmentCPP-Session9/ros2_ws/install/my_interface/local/lib/python3.10/dist-packages/my_interface/my_interface_s__rosidl_typesupport_introspection_c.cpython-310-x86_64-linux-gnu.so
[25.237s] -- Set runtime path of "/home/anthonyubuntu/Desktop/inmind/session9/Anthony-Moundalak-ROS2-AssignmentCPP-Session9/ros2_ws/install/my_interface/local/lib/python3.10/dist-packages/my_interface/my_interface_s__rosidl_typesupport_introspection_c.cpython-310-x86_64-linux-gnu.so" to ""
[25.237s] -- Installing: /home/anthonyubuntu/Desktop/inmind/session9/Anthony-Moundalak-ROS2-AssignmentCPP-Session9/ros2_ws/install/my_interface/local/lib/python3.10/dist-packages/my_interface/my_interface_s__rosidl_typesupport_c.cpython-310-x86_64-linux-gnu.so
[25.237s] -- Set runtime path of "/home/anthonyubuntu/Desktop/inmind/session9/Anthony-Moundalak-ROS2-AssignmentCPP-Session9/ros2_ws/install/my_interface/local/lib/python3.10/dist-packages/my_interface/my_interface_s__rosidl_typesupport_c.cpython-310-x86_64-linux-gnu.so" to ""
[25.238s] -- Installing: /home/anthonyubuntu/Desktop/inmind/session9/Anthony-Moundalak-ROS2-AssignmentCPP-Session9/ros2_ws/install/my_interface/lib/libmy_interface__rosidl_generator_py.so
[25.239s] -- Set runtime path of "/home/anthonyubuntu/Desktop/inmind/session9/Anthony-Moundalak-ROS2-AssignmentCPP-Session9/ros2_ws/install/my_interface/lib/libmy_interface__rosidl_generator_py.so" to ""
[25.240s] -- Installing: /home/anthonyubuntu/Desktop/inmind/session9/Anthony-Moundalak-ROS2-AssignmentCPP-Session9/ros2_ws/install/my_interface/share/my_interface/action/MeasureLapTime.idl
[25.240s] -- Installing: /home/anthonyubuntu/Desktop/inmind/session9/Anthony-Moundalak-ROS2-AssignmentCPP-Session9/ros2_ws/install/my_interface/share/my_interface/srv/FindClosestWall.idl
[25.241s] -- Installing: /home/anthonyubuntu/Desktop/inmind/session9/Anthony-Moundalak-ROS2-AssignmentCPP-Session9/ros2_ws/install/my_interface/share/my_interface/action/MeasureLapTime.action
[25.241s] -- Installing: /home/anthonyubuntu/Desktop/inmind/session9/Anthony-Moundalak-ROS2-AssignmentCPP-Session9/ros2_ws/install/my_interface/share/my_interface/srv/FindClosestWall.srv
[25.241s] -- Installing: /home/anthonyubuntu/Desktop/inmind/session9/Anthony-Moundalak-ROS2-AssignmentCPP-Session9/ros2_ws/install/my_interface/share/my_interface/srv/FindClosestWall_Request.msg
[25.242s] -- Installing: /home/anthonyubuntu/Desktop/inmind/session9/Anthony-Moundalak-ROS2-AssignmentCPP-Session9/ros2_ws/install/my_interface/share/my_interface/srv/FindClosestWall_Response.msg
[25.242s] -- Installing: /home/anthonyubuntu/Desktop/inmind/session9/Anthony-Moundalak-ROS2-AssignmentCPP-Session9/ros2_ws/install/my_interface/share/ament_index/resource_index/package_run_dependencies/my_interface
[25.242s] -- Installing: /home/anthonyubuntu/Desktop/inmind/session9/Anthony-Moundalak-ROS2-AssignmentCPP-Session9/ros2_ws/install/my_interface/share/ament_index/resource_index/parent_prefix_path/my_interface
[25.242s] -- Installing: /home/anthonyubuntu/Desktop/inmind/session9/Anthony-Moundalak-ROS2-AssignmentCPP-Session9/ros2_ws/install/my_interface/share/my_interface/environment/ament_prefix_path.sh
[25.243s] -- Installing: /home/anthonyubuntu/Desktop/inmind/session9/Anthony-Moundalak-ROS2-AssignmentCPP-Session9/ros2_ws/install/my_interface/share/my_interface/environment/ament_prefix_path.dsv
[25.243s] -- Installing: /home/anthonyubuntu/Desktop/inmind/session9/Anthony-Moundalak-ROS2-AssignmentCPP-Session9/ros2_ws/install/my_interface/share/my_interface/environment/path.sh
[25.243s] -- Installing: /home/anthonyubuntu/Desktop/inmind/session9/Anthony-Moundalak-ROS2-AssignmentCPP-Session9/ros2_ws/install/my_interface/share/my_interface/environment/path.dsv
[25.243s] -- Installing: /home/anthonyubuntu/Desktop/inmind/session9/Anthony-Moundalak-ROS2-AssignmentCPP-Session9/ros2_ws/install/my_interface/share/my_interface/local_setup.bash
[25.244s] -- Installing: /home/anthonyubuntu/Desktop/inmind/session9/Anthony-Moundalak-ROS2-AssignmentCPP-Session9/ros2_ws/install/my_interface/share/my_interface/local_setup.sh
[25.265s] -- Installing: /home/anthonyubuntu/Desktop/inmind/session9/Anthony-Moundalak-ROS2-AssignmentCPP-Session9/ros2_ws/install/my_interface/share/my_interface/local_setup.zsh
[25.267s] -- Installing: /home/anthonyubuntu/Desktop/inmind/session9/Anthony-Moundalak-ROS2-AssignmentCPP-Session9/ros2_ws/install/my_interface/share/my_interface/local_setup.dsv
[25.267s] -- Installing: /home/anthonyubuntu/Desktop/inmind/session9/Anthony-Moundalak-ROS2-AssignmentCPP-Session9/ros2_ws/install/my_interface/share/my_interface/package.dsv
[25.267s] -- Installing: /home/anthonyubuntu/Desktop/inmind/session9/Anthony-Moundalak-ROS2-AssignmentCPP-Session9/ros2_ws/install/my_interface/share/ament_index/resource_index/packages/my_interface
[25.273s] -- Installing: /home/anthonyubuntu/Desktop/inmind/session9/Anthony-Moundalak-ROS2-AssignmentCPP-Session9/ros2_ws/install/my_interface/share/my_interface/cmake/export_my_interface__rosidl_generator_cExport.cmake
[25.274s] -- Installing: /home/anthonyubuntu/Desktop/inmind/session9/Anthony-Moundalak-ROS2-AssignmentCPP-Session9/ros2_ws/install/my_interface/share/my_interface/cmake/export_my_interface__rosidl_generator_cExport-noconfig.cmake
[25.276s] -- Installing: /home/anthonyubuntu/Desktop/inmind/session9/Anthony-Moundalak-ROS2-AssignmentCPP-Session9/ros2_ws/install/my_interface/share/my_interface/cmake/export_my_interface__rosidl_typesupport_fastrtps_cExport.cmake
[25.276s] -- Installing: /home/anthonyubuntu/Desktop/inmind/session9/Anthony-Moundalak-ROS2-AssignmentCPP-Session9/ros2_ws/install/my_interface/share/my_interface/cmake/export_my_interface__rosidl_typesupport_fastrtps_cExport-noconfig.cmake
[25.277s] -- Installing: /home/anthonyubuntu/Desktop/inmind/session9/Anthony-Moundalak-ROS2-AssignmentCPP-Session9/ros2_ws/install/my_interface/share/my_interface/cmake/my_interface__rosidl_typesupport_introspection_cExport.cmake
[25.277s] -- Installing: /home/anthonyubuntu/Desktop/inmind/session9/Anthony-Moundalak-ROS2-AssignmentCPP-Session9/ros2_ws/install/my_interface/share/my_interface/cmake/my_interface__rosidl_typesupport_introspection_cExport-noconfig.cmake
[25.277s] -- Installing: /home/anthonyubuntu/Desktop/inmind/session9/Anthony-Moundalak-ROS2-AssignmentCPP-Session9/ros2_ws/install/my_interface/share/my_interface/cmake/my_interface__rosidl_typesupport_cExport.cmake
[25.277s] -- Installing: /home/anthonyubuntu/Desktop/inmind/session9/Anthony-Moundalak-ROS2-AssignmentCPP-Session9/ros2_ws/install/my_interface/share/my_interface/cmake/my_interface__rosidl_typesupport_cExport-noconfig.cmake
[25.277s] -- Installing: /home/anthonyubuntu/Desktop/inmind/session9/Anthony-Moundalak-ROS2-AssignmentCPP-Session9/ros2_ws/install/my_interface/share/my_interface/cmake/export_my_interface__rosidl_generator_cppExport.cmake
[25.278s] -- Installing: /home/anthonyubuntu/Desktop/inmind/session9/Anthony-Moundalak-ROS2-AssignmentCPP-Session9/ros2_ws/install/my_interface/share/my_interface/cmake/export_my_interface__rosidl_typesupport_fastrtps_cppExport.cmake
[25.278s] -- Installing: /home/anthonyubuntu/Desktop/inmind/session9/Anthony-Moundalak-ROS2-AssignmentCPP-Session9/ros2_ws/install/my_interface/share/my_interface/cmake/export_my_interface__rosidl_typesupport_fastrtps_cppExport-noconfig.cmake
[25.279s] -- Installing: /home/anthonyubuntu/Desktop/inmind/session9/Anthony-Moundalak-ROS2-AssignmentCPP-Session9/ros2_ws/install/my_interface/share/my_interface/cmake/my_interface__rosidl_typesupport_introspection_cppExport.cmake
[25.280s] -- Installing: /home/anthonyubuntu/Desktop/inmind/session9/Anthony-Moundalak-ROS2-AssignmentCPP-Session9/ros2_ws/install/my_interface/share/my_interface/cmake/my_interface__rosidl_typesupport_introspection_cppExport-noconfig.cmake
[25.280s] -- Installing: /home/anthonyubuntu/Desktop/inmind/session9/Anthony-Moundalak-ROS2-AssignmentCPP-Session9/ros2_ws/install/my_interface/share/my_interface/cmake/my_interface__rosidl_typesupport_cppExport.cmake
[25.280s] -- Installing: /home/anthonyubuntu/Desktop/inmind/session9/Anthony-Moundalak-ROS2-AssignmentCPP-Session9/ros2_ws/install/my_interface/share/my_interface/cmake/my_interface__rosidl_typesupport_cppExport-noconfig.cmake
[25.280s] -- Installing: /home/anthonyubuntu/Desktop/inmind/session9/Anthony-Moundalak-ROS2-AssignmentCPP-Session9/ros2_ws/install/my_interface/share/my_interface/cmake/export_my_interface__rosidl_generator_pyExport.cmake
[25.281s] -- Installing: /home/anthonyubuntu/Desktop/inmind/session9/Anthony-Moundalak-ROS2-AssignmentCPP-Session9/ros2_ws/install/my_interface/share/my_interface/cmake/export_my_interface__rosidl_generator_pyExport-noconfig.cmake
[25.281s] -- Installing: /home/anthonyubuntu/Desktop/inmind/session9/Anthony-Moundalak-ROS2-AssignmentCPP-Session9/ros2_ws/install/my_interface/share/my_interface/cmake/rosidl_cmake-extras.cmake
[25.281s] -- Installing: /home/anthonyubuntu/Desktop/inmind/session9/Anthony-Moundalak-ROS2-AssignmentCPP-Session9/ros2_ws/install/my_interface/share/my_interface/cmake/ament_cmake_export_dependencies-extras.cmake
[25.281s] -- Installing: /home/anthonyubuntu/Desktop/inmind/session9/Anthony-Moundalak-ROS2-AssignmentCPP-Session9/ros2_ws/install/my_interface/share/my_interface/cmake/ament_cmake_export_include_directories-extras.cmake
[25.282s] -- Installing: /home/anthonyubuntu/Desktop/inmind/session9/Anthony-Moundalak-ROS2-AssignmentCPP-Session9/ros2_ws/install/my_interface/share/my_interface/cmake/ament_cmake_export_libraries-extras.cmake
[25.282s] -- Installing: /home/anthonyubuntu/Desktop/inmind/session9/Anthony-Moundalak-ROS2-AssignmentCPP-Session9/ros2_ws/install/my_interface/share/my_interface/cmake/ament_cmake_export_targets-extras.cmake
[25.282s] -- Installing: /home/anthonyubuntu/Desktop/inmind/session9/Anthony-Moundalak-ROS2-AssignmentCPP-Session9/ros2_ws/install/my_interface/share/my_interface/cmake/rosidl_cmake_export_typesupport_targets-extras.cmake
[25.282s] -- Installing: /home/anthonyubuntu/Desktop/inmind/session9/Anthony-Moundalak-ROS2-AssignmentCPP-Session9/ros2_ws/install/my_interface/share/my_interface/cmake/rosidl_cmake_export_typesupport_libraries-extras.cmake
[25.286s] -- Installing: /home/anthonyubuntu/Desktop/inmind/session9/Anthony-Moundalak-ROS2-AssignmentCPP-Session9/ros2_ws/install/my_interface/share/my_interface/cmake/my_interfaceConfig.cmake
[25.287s] -- Installing: /home/anthonyubuntu/Desktop/inmind/session9/Anthony-Moundalak-ROS2-AssignmentCPP-Session9/ros2_ws/install/my_interface/share/my_interface/cmake/my_interfaceConfig-version.cmake
[25.289s] -- Installing: /home/anthonyubuntu/Desktop/inmind/session9/Anthony-Moundalak-ROS2-AssignmentCPP-Session9/ros2_ws/install/my_interface/share/my_interface/package.xml
[25.292s] Invoked command in '/home/anthonyubuntu/Desktop/inmind/session9/Anthony-Moundalak-ROS2-AssignmentCPP-Session9/ros2_ws/build/my_interface' returned '0': CMAKE_PREFIX_PATH=${CMAKE_PREFIX_PATH}:/home/anthonyubuntu/Desktop/inmind/test/gazws/install/turtlebot_navigation:/opt/ros/humble /usr/bin/cmake --install /home/anthonyubuntu/Desktop/inmind/session9/Anthony-Moundalak-ROS2-AssignmentCPP-Session9/ros2_ws/build/my_interface
