[0.064s] Invoking command in '/home/anthonyubuntu/Desktop/inmind/session9/Anthony-Moundalak-ROS2-AssignmentCPP-Session9/ros2_ws/build/my_interface': CMAKE_PREFIX_PATH=${CMAKE_PREFIX_PATH}:/opt/ros/humble /usr/bin/cmake --build /home/anthonyubuntu/Desktop/inmind/session9/Anthony-Moundalak-ROS2-AssignmentCPP-Session9/ros2_ws/build/my_interface -- -j4 -l4
[0.438s] [  2%] Built target my_interface__cpp
[0.633s] [  2%] Built target ament_cmake_python_copy_my_interface
[0.718s] [ 12%] Built target my_interface__rosidl_typesupport_fastrtps_cpp
[0.825s] [ 23%] Built target my_interface__rosidl_typesupport_introspection_cpp
[2.259s] running egg_info
[2.267s] writing my_interface.egg-info/PKG-INFO
[2.275s] writing dependency_links to my_interface.egg-info/dependency_links.txt
[2.276s] writing top-level names to my_interface.egg-info/top_level.txt
[2.338s] reading manifest file 'my_interface.egg-info/SOURCES.txt'
[2.342s] writing manifest file 'my_interface.egg-info/SOURCES.txt'
[2.493s] [ 23%] Built target ament_cmake_python_build_my_interface_egg
[2.617s] [ 33%] Built target my_interface__rosidl_typesupport_cpp
[2.742s] [ 43%] Built target my_interface__rosidl_generator_c
[2.902s] [ 53%] Built target my_interface__rosidl_typesupport_fastrtps_c
[3.094s] [ 64%] Built target my_interface__rosidl_typesupport_c
[3.349s] [ 74%] Built target my_interface__rosidl_typesupport_introspection_c
[3.532s] [ 74%] Built target my_interface
[3.683s] [ 76%] Built target my_interface__py
[3.897s] [ 84%] Built target my_interface__rosidl_generator_py
[3.984s] [ 89%] Built target my_interface__rosidl_typesupport_fastrtps_c__pyext
[4.082s] [ 94%] Built target my_interface__rosidl_typesupport_c__pyext
[4.195s] [100%] Built target my_interface__rosidl_typesupport_introspection_c__pyext
[4.245s] Invoked command in '/home/anthonyubuntu/Desktop/inmind/session9/Anthony-Moundalak-ROS2-AssignmentCPP-Session9/ros2_ws/build/my_interface' returned '0': CMAKE_PREFIX_PATH=${CMAKE_PREFIX_PATH}:/opt/ros/humble /usr/bin/cmake --build /home/anthonyubuntu/Desktop/inmind/session9/Anthony-Moundalak-ROS2-AssignmentCPP-Session9/ros2_ws/build/my_interface -- -j4 -l4
[4.858s] Invoking command in '/home/anthonyubuntu/Desktop/inmind/session9/Anthony-Moundalak-ROS2-AssignmentCPP-Session9/ros2_ws/build/my_interface': CMAKE_PREFIX_PATH=${CMAKE_PREFIX_PATH}:/opt/ros/humble /usr/bin/cmake --install /home/anthonyubuntu/Desktop/inmind/session9/Anthony-Moundalak-ROS2-AssignmentCPP-Session9/ros2_ws/build/my_interface
[4.905s] -- Install configuration: ""
[4.909s] -- Up-to-date: /home/anthonyubuntu/Desktop/inmind/session9/Anthony-Moundalak-ROS2-AssignmentCPP-Session9/ros2_ws/install/my_interface/share/ament_index/resource_index/rosidl_interfaces/my_interface
[4.910s] -- Up-to-date: /home/anthonyubuntu/Desktop/inmind/session9/Anthony-Moundalak-ROS2-AssignmentCPP-Session9/ros2_ws/install/my_interface/include/my_interface/my_interface
[4.910s] -- Up-to-date: /home/anthonyubuntu/Desktop/inmind/session9/Anthony-Moundalak-ROS2-AssignmentCPP-Session9/ros2_ws/install/my_interface/include/my_interface/my_interface/srv
[4.910s] -- Up-to-date: /home/anthonyubuntu/Desktop/inmind/session9/Anthony-Moundalak-ROS2-AssignmentCPP-Session9/ros2_ws/install/my_interface/include/my_interface/my_interface/srv/detail
[4.910s] -- Up-to-date: /home/anthonyubuntu/Desktop/inmind/session9/Anthony-Moundalak-ROS2-AssignmentCPP-Session9/ros2_ws/install/my_interface/include/my_interface/my_interface/srv/detail/find_closest_wall__type_support.h
[4.912s] -- Up-to-date: /home/anthonyubuntu/Desktop/inmind/session9/Anthony-Moundalak-ROS2-AssignmentCPP-Session9/ros2_ws/install/my_interface/include/my_interface/my_interface/srv/detail/find_closest_wall__functions.c
[4.913s] -- Up-to-date: /home/anthonyubuntu/Desktop/inmind/session9/Anthony-Moundalak-ROS2-AssignmentCPP-Session9/ros2_ws/install/my_interface/include/my_interface/my_interface/srv/detail/find_closest_wall__struct.h
[4.913s] -- Up-to-date: /home/anthonyubuntu/Desktop/inmind/session9/Anthony-Moundalak-ROS2-AssignmentCPP-Session9/ros2_ws/install/my_interface/include/my_interface/my_interface/srv/detail/find_closest_wall__functions.h
[4.913s] -- Up-to-date: /home/anthonyubuntu/Desktop/inmind/session9/Anthony-Moundalak-ROS2-AssignmentCPP-Session9/ros2_ws/install/my_interface/include/my_interface/my_interface/srv/find_closest_wall.h
[4.913s] -- Up-to-date: /home/anthonyubuntu/Desktop/inmind/session9/Anthony-Moundalak-ROS2-AssignmentCPP-Session9/ros2_ws/install/my_interface/include/my_interface/my_interface/msg
[4.913s] -- Up-to-date: /home/anthonyubuntu/Desktop/inmind/session9/Anthony-Moundalak-ROS2-AssignmentCPP-Session9/ros2_ws/install/my_interface/include/my_interface/my_interface/msg/rosidl_generator_c__visibility_control.h
[4.913s] -- Up-to-date: /home/anthonyubuntu/Desktop/inmind/session9/Anthony-Moundalak-ROS2-AssignmentCPP-Session9/ros2_ws/install/my_interface/include/my_interface/my_interface/action
[4.913s] -- Up-to-date: /home/anthonyubuntu/Desktop/inmind/session9/Anthony-Moundalak-ROS2-AssignmentCPP-Session9/ros2_ws/install/my_interface/include/my_interface/my_interface/action/detail
[4.914s] -- Up-to-date: /home/anthonyubuntu/Desktop/inmind/session9/Anthony-Moundalak-ROS2-AssignmentCPP-Session9/ros2_ws/install/my_interface/include/my_interface/my_interface/action/detail/measure_lap_time__functions.c
[4.918s] -- Up-to-date: /home/anthonyubuntu/Desktop/inmind/session9/Anthony-Moundalak-ROS2-AssignmentCPP-Session9/ros2_ws/install/my_interface/include/my_interface/my_interface/action/detail/measure_lap_time__type_support.h
[4.918s] -- Up-to-date: /home/anthonyubuntu/Desktop/inmind/session9/Anthony-Moundalak-ROS2-AssignmentCPP-Session9/ros2_ws/install/my_interface/include/my_interface/my_interface/action/detail/measure_lap_time__struct.h
[4.918s] -- Up-to-date: /home/anthonyubuntu/Desktop/inmind/session9/Anthony-Moundalak-ROS2-AssignmentCPP-Session9/ros2_ws/install/my_interface/include/my_interface/my_interface/action/detail/measure_lap_time__functions.h
[4.918s] -- Up-to-date: /home/anthonyubuntu/Desktop/inmind/session9/Anthony-Moundalak-ROS2-AssignmentCPP-Session9/ros2_ws/install/my_interface/include/my_interface/my_interface/action/measure_lap_time.h
[4.919s] -- Up-to-date: /home/anthonyubuntu/Desktop/inmind/session9/Anthony-Moundalak-ROS2-AssignmentCPP-Session9/ros2_ws/install/my_interface/share/my_interface/environment/library_path.sh
[4.919s] -- Up-to-date: /home/anthonyubuntu/Desktop/inmind/session9/Anthony-Moundalak-ROS2-AssignmentCPP-Session9/ros2_ws/install/my_interface/share/my_interface/environment/library_path.dsv
[4.920s] -- Up-to-date: /home/anthonyubuntu/Desktop/inmind/session9/Anthony-Moundalak-ROS2-AssignmentCPP-Session9/ros2_ws/install/my_interface/lib/libmy_interface__rosidl_generator_c.so
[4.921s] -- Up-to-date: /home/anthonyubuntu/Desktop/inmind/session9/Anthony-Moundalak-ROS2-AssignmentCPP-Session9/ros2_ws/install/my_interface/include/my_interface/my_interface
[4.922s] -- Up-to-date: /home/anthonyubuntu/Desktop/inmind/session9/Anthony-Moundalak-ROS2-AssignmentCPP-Session9/ros2_ws/install/my_interface/include/my_interface/my_interface/srv
[4.922s] -- Up-to-date: /home/anthonyubuntu/Desktop/inmind/session9/Anthony-Moundalak-ROS2-AssignmentCPP-Session9/ros2_ws/install/my_interface/include/my_interface/my_interface/srv/detail
[4.922s] -- Up-to-date: /home/anthonyubuntu/Desktop/inmind/session9/Anthony-Moundalak-ROS2-AssignmentCPP-Session9/ros2_ws/install/my_interface/include/my_interface/my_interface/srv/detail/find_closest_wall__rosidl_typesupport_fastrtps_c.h
[4.923s] -- Up-to-date: /home/anthonyubuntu/Desktop/inmind/session9/Anthony-Moundalak-ROS2-AssignmentCPP-Session9/ros2_ws/install/my_interface/include/my_interface/my_interface/msg
[4.925s] -- Up-to-date: /home/anthonyubuntu/Desktop/inmind/session9/Anthony-Moundalak-ROS2-AssignmentCPP-Session9/ros2_ws/install/my_interface/include/my_interface/my_interface/msg/rosidl_typesupport_fastrtps_c__visibility_control.h
[4.925s] -- Up-to-date: /home/anthonyubuntu/Desktop/inmind/session9/Anthony-Moundalak-ROS2-AssignmentCPP-Session9/ros2_ws/install/my_interface/include/my_interface/my_interface/action
[4.925s] -- Up-to-date: /home/anthonyubuntu/Desktop/inmind/session9/Anthony-Moundalak-ROS2-AssignmentCPP-Session9/ros2_ws/install/my_interface/include/my_interface/my_interface/action/detail
[4.925s] -- Up-to-date: /home/anthonyubuntu/Desktop/inmind/session9/Anthony-Moundalak-ROS2-AssignmentCPP-Session9/ros2_ws/install/my_interface/include/my_interface/my_interface/action/detail/measure_lap_time__rosidl_typesupport_fastrtps_c.h
[4.925s] -- Up-to-date: /home/anthonyubuntu/Desktop/inmind/session9/Anthony-Moundalak-ROS2-AssignmentCPP-Session9/ros2_ws/install/my_interface/lib/libmy_interface__rosidl_typesupport_fastrtps_c.so
[4.925s] -- Up-to-date: /home/anthonyubuntu/Desktop/inmind/session9/Anthony-Moundalak-ROS2-AssignmentCPP-Session9/ros2_ws/install/my_interface/include/my_interface/my_interface
[4.931s] -- Up-to-date: /home/anthonyubuntu/Desktop/inmind/session9/Anthony-Moundalak-ROS2-AssignmentCPP-Session9/ros2_ws/install/my_interface/include/my_interface/my_interface/srv
[4.933s] -- Up-to-date: /home/anthonyubuntu/Desktop/inmind/session9/Anthony-Moundalak-ROS2-AssignmentCPP-Session9/ros2_ws/install/my_interface/include/my_interface/my_interface/srv/detail
[4.935s] -- Up-to-date: /home/anthonyubuntu/Desktop/inmind/session9/Anthony-Moundalak-ROS2-AssignmentCPP-Session9/ros2_ws/install/my_interface/include/my_interface/my_interface/srv/detail/find_closest_wall__rosidl_typesupport_introspection_c.h
[4.940s] -- Up-to-date: /home/anthonyubuntu/Desktop/inmind/session9/Anthony-Moundalak-ROS2-AssignmentCPP-Session9/ros2_ws/install/my_interface/include/my_interface/my_interface/srv/detail/find_closest_wall__type_support.c
[4.940s] -- Up-to-date: /home/anthonyubuntu/Desktop/inmind/session9/Anthony-Moundalak-ROS2-AssignmentCPP-Session9/ros2_ws/install/my_interface/include/my_interface/my_interface/msg
[4.940s] -- Up-to-date: /home/anthonyubuntu/Desktop/inmind/session9/Anthony-Moundalak-ROS2-AssignmentCPP-Session9/ros2_ws/install/my_interface/include/my_interface/my_interface/msg/rosidl_typesupport_introspection_c__visibility_control.h
[4.940s] -- Up-to-date: /home/anthonyubuntu/Desktop/inmind/session9/Anthony-Moundalak-ROS2-AssignmentCPP-Session9/ros2_ws/install/my_interface/include/my_interface/my_interface/action
[4.940s] -- Up-to-date: /home/anthonyubuntu/Desktop/inmind/session9/Anthony-Moundalak-ROS2-AssignmentCPP-Session9/ros2_ws/install/my_interface/include/my_interface/my_interface/action/detail
[4.940s] -- Up-to-date: /home/anthonyubuntu/Desktop/inmind/session9/Anthony-Moundalak-ROS2-AssignmentCPP-Session9/ros2_ws/install/my_interface/include/my_interface/my_interface/action/detail/measure_lap_time__type_support.c
[4.941s] -- Up-to-date: /home/anthonyubuntu/Desktop/inmind/session9/Anthony-Moundalak-ROS2-AssignmentCPP-Session9/ros2_ws/install/my_interface/include/my_interface/my_interface/action/detail/measure_lap_time__rosidl_typesupport_introspection_c.h
[4.941s] -- Up-to-date: /home/anthonyubuntu/Desktop/inmind/session9/Anthony-Moundalak-ROS2-AssignmentCPP-Session9/ros2_ws/install/my_interface/lib/libmy_interface__rosidl_typesupport_introspection_c.so
[4.943s] -- Up-to-date: /home/anthonyubuntu/Desktop/inmind/session9/Anthony-Moundalak-ROS2-AssignmentCPP-Session9/ros2_ws/install/my_interface/lib/libmy_interface__rosidl_typesupport_c.so
[4.943s] -- Up-to-date: /home/anthonyubuntu/Desktop/inmind/session9/Anthony-Moundalak-ROS2-AssignmentCPP-Session9/ros2_ws/install/my_interface/include/my_interface/my_interface
[4.943s] -- Up-to-date: /home/anthonyubuntu/Desktop/inmind/session9/Anthony-Moundalak-ROS2-AssignmentCPP-Session9/ros2_ws/install/my_interface/include/my_interface/my_interface/srv
[4.943s] -- Up-to-date: /home/anthonyubuntu/Desktop/inmind/session9/Anthony-Moundalak-ROS2-AssignmentCPP-Session9/ros2_ws/install/my_interface/include/my_interface/my_interface/srv/detail
[4.943s] -- Up-to-date: /home/anthonyubuntu/Desktop/inmind/session9/Anthony-Moundalak-ROS2-AssignmentCPP-Session9/ros2_ws/install/my_interface/include/my_interface/my_interface/srv/detail/find_closest_wall__builder.hpp
[4.944s] -- Up-to-date: /home/anthonyubuntu/Desktop/inmind/session9/Anthony-Moundalak-ROS2-AssignmentCPP-Session9/ros2_ws/install/my_interface/include/my_interface/my_interface/srv/detail/find_closest_wall__traits.hpp
[4.944s] -- Up-to-date: /home/anthonyubuntu/Desktop/inmind/session9/Anthony-Moundalak-ROS2-AssignmentCPP-Session9/ros2_ws/install/my_interface/include/my_interface/my_interface/srv/detail/find_closest_wall__struct.hpp
[4.944s] -- Up-to-date: /home/anthonyubuntu/Desktop/inmind/session9/Anthony-Moundalak-ROS2-AssignmentCPP-Session9/ros2_ws/install/my_interface/include/my_interface/my_interface/srv/find_closest_wall.hpp
[4.944s] -- Up-to-date: /home/anthonyubuntu/Desktop/inmind/session9/Anthony-Moundalak-ROS2-AssignmentCPP-Session9/ros2_ws/install/my_interface/include/my_interface/my_interface/action
[4.944s] -- Up-to-date: /home/anthonyubuntu/Desktop/inmind/session9/Anthony-Moundalak-ROS2-AssignmentCPP-Session9/ros2_ws/install/my_interface/include/my_interface/my_interface/action/detail
[4.944s] -- Up-to-date: /home/anthonyubuntu/Desktop/inmind/session9/Anthony-Moundalak-ROS2-AssignmentCPP-Session9/ros2_ws/install/my_interface/include/my_interface/my_interface/action/detail/measure_lap_time__struct.hpp
[4.945s] -- Up-to-date: /home/anthonyubuntu/Desktop/inmind/session9/Anthony-Moundalak-ROS2-AssignmentCPP-Session9/ros2_ws/install/my_interface/include/my_interface/my_interface/action/detail/measure_lap_time__builder.hpp
[4.945s] -- Up-to-date: /home/anthonyubuntu/Desktop/inmind/session9/Anthony-Moundalak-ROS2-AssignmentCPP-Session9/ros2_ws/install/my_interface/include/my_interface/my_interface/action/detail/measure_lap_time__traits.hpp
[4.945s] -- Up-to-date: /home/anthonyubuntu/Desktop/inmind/session9/Anthony-Moundalak-ROS2-AssignmentCPP-Session9/ros2_ws/install/my_interface/include/my_interface/my_interface/action/measure_lap_time.hpp
[4.965s] -- Up-to-date: /home/anthonyubuntu/Desktop/inmind/session9/Anthony-Moundalak-ROS2-AssignmentCPP-Session9/ros2_ws/install/my_interface/include/my_interface/my_interface
[4.965s] -- Up-to-date: /home/anthonyubuntu/Desktop/inmind/session9/Anthony-Moundalak-ROS2-AssignmentCPP-Session9/ros2_ws/install/my_interface/include/my_interface/my_interface/srv
[4.965s] -- Up-to-date: /home/anthonyubuntu/Desktop/inmind/session9/Anthony-Moundalak-ROS2-AssignmentCPP-Session9/ros2_ws/install/my_interface/include/my_interface/my_interface/srv/detail
[4.966s] -- Up-to-date: /home/anthonyubuntu/Desktop/inmind/session9/Anthony-Moundalak-ROS2-AssignmentCPP-Session9/ros2_ws/install/my_interface/include/my_interface/my_interface/srv/detail/find_closest_wall__rosidl_typesupport_fastrtps_cpp.hpp
[4.966s] -- Up-to-date: /home/anthonyubuntu/Desktop/inmind/session9/Anthony-Moundalak-ROS2-AssignmentCPP-Session9/ros2_ws/install/my_interface/include/my_interface/my_interface/srv/detail/dds_fastrtps
[4.966s] -- Up-to-date: /home/anthonyubuntu/Desktop/inmind/session9/Anthony-Moundalak-ROS2-AssignmentCPP-Session9/ros2_ws/install/my_interface/include/my_interface/my_interface/msg
[4.966s] -- Up-to-date: /home/anthonyubuntu/Desktop/inmind/session9/Anthony-Moundalak-ROS2-AssignmentCPP-Session9/ros2_ws/install/my_interface/include/my_interface/my_interface/msg/rosidl_typesupport_fastrtps_cpp__visibility_control.h
[4.967s] -- Up-to-date: /home/anthonyubuntu/Desktop/inmind/session9/Anthony-Moundalak-ROS2-AssignmentCPP-Session9/ros2_ws/install/my_interface/include/my_interface/my_interface/action
[4.967s] -- Up-to-date: /home/anthonyubuntu/Desktop/inmind/session9/Anthony-Moundalak-ROS2-AssignmentCPP-Session9/ros2_ws/install/my_interface/include/my_interface/my_interface/action/detail
[4.967s] -- Up-to-date: /home/anthonyubuntu/Desktop/inmind/session9/Anthony-Moundalak-ROS2-AssignmentCPP-Session9/ros2_ws/install/my_interface/include/my_interface/my_interface/action/detail/measure_lap_time__rosidl_typesupport_fastrtps_cpp.hpp
[4.967s] -- Up-to-date: /home/anthonyubuntu/Desktop/inmind/session9/Anthony-Moundalak-ROS2-AssignmentCPP-Session9/ros2_ws/install/my_interface/include/my_interface/my_interface/action/detail/dds_fastrtps
[4.967s] -- Up-to-date: /home/anthonyubuntu/Desktop/inmind/session9/Anthony-Moundalak-ROS2-AssignmentCPP-Session9/ros2_ws/install/my_interface/lib/libmy_interface__rosidl_typesupport_fastrtps_cpp.so
[4.969s] -- Up-to-date: /home/anthonyubuntu/Desktop/inmind/session9/Anthony-Moundalak-ROS2-AssignmentCPP-Session9/ros2_ws/install/my_interface/include/my_interface/my_interface
[4.970s] -- Up-to-date: /home/anthonyubuntu/Desktop/inmind/session9/Anthony-Moundalak-ROS2-AssignmentCPP-Session9/ros2_ws/install/my_interface/include/my_interface/my_interface/srv
[4.970s] -- Up-to-date: /home/anthonyubuntu/Desktop/inmind/session9/Anthony-Moundalak-ROS2-AssignmentCPP-Session9/ros2_ws/install/my_interface/include/my_interface/my_interface/srv/detail
[4.970s] -- Up-to-date: /home/anthonyubuntu/Desktop/inmind/session9/Anthony-Moundalak-ROS2-AssignmentCPP-Session9/ros2_ws/install/my_interface/include/my_interface/my_interface/srv/detail/find_closest_wall__type_support.cpp
[4.971s] -- Up-to-date: /home/anthonyubuntu/Desktop/inmind/session9/Anthony-Moundalak-ROS2-AssignmentCPP-Session9/ros2_ws/install/my_interface/include/my_interface/my_interface/srv/detail/find_closest_wall__rosidl_typesupport_introspection_cpp.hpp
[4.971s] -- Up-to-date: /home/anthonyubuntu/Desktop/inmind/session9/Anthony-Moundalak-ROS2-AssignmentCPP-Session9/ros2_ws/install/my_interface/include/my_interface/my_interface/action
[4.971s] -- Up-to-date: /home/anthonyubuntu/Desktop/inmind/session9/Anthony-Moundalak-ROS2-AssignmentCPP-Session9/ros2_ws/install/my_interface/include/my_interface/my_interface/action/detail
[4.971s] -- Up-to-date: /home/anthonyubuntu/Desktop/inmind/session9/Anthony-Moundalak-ROS2-AssignmentCPP-Session9/ros2_ws/install/my_interface/include/my_interface/my_interface/action/detail/measure_lap_time__rosidl_typesupport_introspection_cpp.hpp
[4.985s] -- Up-to-date: /home/anthonyubuntu/Desktop/inmind/session9/Anthony-Moundalak-ROS2-AssignmentCPP-Session9/ros2_ws/install/my_interface/include/my_interface/my_interface/action/detail/measure_lap_time__type_support.cpp
[4.986s] -- Up-to-date: /home/anthonyubuntu/Desktop/inmind/session9/Anthony-Moundalak-ROS2-AssignmentCPP-Session9/ros2_ws/install/my_interface/lib/libmy_interface__rosidl_typesupport_introspection_cpp.so
[4.986s] -- Up-to-date: /home/anthonyubuntu/Desktop/inmind/session9/Anthony-Moundalak-ROS2-AssignmentCPP-Session9/ros2_ws/install/my_interface/lib/libmy_interface__rosidl_typesupport_cpp.so
[4.986s] -- Up-to-date: /home/anthonyubuntu/Desktop/inmind/session9/Anthony-Moundalak-ROS2-AssignmentCPP-Session9/ros2_ws/install/my_interface/share/my_interface/environment/pythonpath.sh
[4.987s] -- Up-to-date: /home/anthonyubuntu/Desktop/inmind/session9/Anthony-Moundalak-ROS2-AssignmentCPP-Session9/ros2_ws/install/my_interface/share/my_interface/environment/pythonpath.dsv
[4.987s] -- Up-to-date: /home/anthonyubuntu/Desktop/inmind/session9/Anthony-Moundalak-ROS2-AssignmentCPP-Session9/ros2_ws/install/my_interface/local/lib/python3.10/dist-packages/my_interface-0.0.0-py3.10.egg-info
[4.987s] -- Installing: /home/anthonyubuntu/Desktop/inmind/session9/Anthony-Moundalak-ROS2-AssignmentCPP-Session9/ros2_ws/install/my_interface/local/lib/python3.10/dist-packages/my_interface-0.0.0-py3.10.egg-info/dependency_links.txt
[4.987s] -- Installing: /home/anthonyubuntu/Desktop/inmind/session9/Anthony-Moundalak-ROS2-AssignmentCPP-Session9/ros2_ws/install/my_interface/local/lib/python3.10/dist-packages/my_interface-0.0.0-py3.10.egg-info/top_level.txt
[4.987s] -- Installing: /home/anthonyubuntu/Desktop/inmind/session9/Anthony-Moundalak-ROS2-AssignmentCPP-Session9/ros2_ws/install/my_interface/local/lib/python3.10/dist-packages/my_interface-0.0.0-py3.10.egg-info/PKG-INFO
[4.988s] -- Installing: /home/anthonyubuntu/Desktop/inmind/session9/Anthony-Moundalak-ROS2-AssignmentCPP-Session9/ros2_ws/install/my_interface/local/lib/python3.10/dist-packages/my_interface-0.0.0-py3.10.egg-info/SOURCES.txt
[4.988s] -- Up-to-date: /home/anthonyubuntu/Desktop/inmind/session9/Anthony-Moundalak-ROS2-AssignmentCPP-Session9/ros2_ws/install/my_interface/local/lib/python3.10/dist-packages/my_interface
[4.988s] -- Up-to-date: /home/anthonyubuntu/Desktop/inmind/session9/Anthony-Moundalak-ROS2-AssignmentCPP-Session9/ros2_ws/install/my_interface/local/lib/python3.10/dist-packages/my_interface/__init__.py
[4.998s] -- Up-to-date: /home/anthonyubuntu/Desktop/inmind/session9/Anthony-Moundalak-ROS2-AssignmentCPP-Session9/ros2_ws/install/my_interface/local/lib/python3.10/dist-packages/my_interface/srv
[5.003s] -- Up-to-date: /home/anthonyubuntu/Desktop/inmind/session9/Anthony-Moundalak-ROS2-AssignmentCPP-Session9/ros2_ws/install/my_interface/local/lib/python3.10/dist-packages/my_interface/srv/_find_closest_wall.py
[5.003s] -- Up-to-date: /home/anthonyubuntu/Desktop/inmind/session9/Anthony-Moundalak-ROS2-AssignmentCPP-Session9/ros2_ws/install/my_interface/local/lib/python3.10/dist-packages/my_interface/srv/__init__.py
[5.004s] -- Up-to-date: /home/anthonyubuntu/Desktop/inmind/session9/Anthony-Moundalak-ROS2-AssignmentCPP-Session9/ros2_ws/install/my_interface/local/lib/python3.10/dist-packages/my_interface/srv/_find_closest_wall_s.c
[5.009s] -- Up-to-date: /home/anthonyubuntu/Desktop/inmind/session9/Anthony-Moundalak-ROS2-AssignmentCPP-Session9/ros2_ws/install/my_interface/local/lib/python3.10/dist-packages/my_interface/my_interface_s__rosidl_typesupport_fastrtps_c.cpython-310-x86_64-linux-gnu.so
[5.009s] -- Up-to-date: /home/anthonyubuntu/Desktop/inmind/session9/Anthony-Moundalak-ROS2-AssignmentCPP-Session9/ros2_ws/install/my_interface/local/lib/python3.10/dist-packages/my_interface/my_interface_s__rosidl_typesupport_c.cpython-310-x86_64-linux-gnu.so
[5.009s] -- Up-to-date: /home/anthonyubuntu/Desktop/inmind/session9/Anthony-Moundalak-ROS2-AssignmentCPP-Session9/ros2_ws/install/my_interface/local/lib/python3.10/dist-packages/my_interface/_my_interface_s.ep.rosidl_typesupport_introspection_c.c
[5.009s] -- Up-to-date: /home/anthonyubuntu/Desktop/inmind/session9/Anthony-Moundalak-ROS2-AssignmentCPP-Session9/ros2_ws/install/my_interface/local/lib/python3.10/dist-packages/my_interface/libmy_interface__rosidl_generator_py.so
[5.010s] -- Up-to-date: /home/anthonyubuntu/Desktop/inmind/session9/Anthony-Moundalak-ROS2-AssignmentCPP-Session9/ros2_ws/install/my_interface/local/lib/python3.10/dist-packages/my_interface/my_interface_s__rosidl_typesupport_introspection_c.cpython-310-x86_64-linux-gnu.so
[5.010s] -- Up-to-date: /home/anthonyubuntu/Desktop/inmind/session9/Anthony-Moundalak-ROS2-AssignmentCPP-Session9/ros2_ws/install/my_interface/local/lib/python3.10/dist-packages/my_interface/_my_interface_s.ep.rosidl_typesupport_c.c
[5.010s] -- Up-to-date: /home/anthonyubuntu/Desktop/inmind/session9/Anthony-Moundalak-ROS2-AssignmentCPP-Session9/ros2_ws/install/my_interface/local/lib/python3.10/dist-packages/my_interface/_my_interface_s.ep.rosidl_typesupport_fastrtps_c.c
[5.010s] -- Up-to-date: /home/anthonyubuntu/Desktop/inmind/session9/Anthony-Moundalak-ROS2-AssignmentCPP-Session9/ros2_ws/install/my_interface/local/lib/python3.10/dist-packages/my_interface/action
[5.011s] -- Up-to-date: /home/anthonyubuntu/Desktop/inmind/session9/Anthony-Moundalak-ROS2-AssignmentCPP-Session9/ros2_ws/install/my_interface/local/lib/python3.10/dist-packages/my_interface/action/__init__.py
[5.011s] -- Up-to-date: /home/anthonyubuntu/Desktop/inmind/session9/Anthony-Moundalak-ROS2-AssignmentCPP-Session9/ros2_ws/install/my_interface/local/lib/python3.10/dist-packages/my_interface/action/_measure_lap_time.py
[5.011s] -- Up-to-date: /home/anthonyubuntu/Desktop/inmind/session9/Anthony-Moundalak-ROS2-AssignmentCPP-Session9/ros2_ws/install/my_interface/local/lib/python3.10/dist-packages/my_interface/action/_measure_lap_time_s.c
[5.188s] Listing '/home/anthonyubuntu/Desktop/inmind/session9/Anthony-Moundalak-ROS2-AssignmentCPP-Session9/ros2_ws/install/my_interface/local/lib/python3.10/dist-packages/my_interface'...
[5.188s] Listing '/home/anthonyubuntu/Desktop/inmind/session9/Anthony-Moundalak-ROS2-AssignmentCPP-Session9/ros2_ws/install/my_interface/local/lib/python3.10/dist-packages/my_interface/action'...
[5.189s] Listing '/home/anthonyubuntu/Desktop/inmind/session9/Anthony-Moundalak-ROS2-AssignmentCPP-Session9/ros2_ws/install/my_interface/local/lib/python3.10/dist-packages/my_interface/srv'...
[5.215s] -- Up-to-date: /home/anthonyubuntu/Desktop/inmind/session9/Anthony-Moundalak-ROS2-AssignmentCPP-Session9/ros2_ws/install/my_interface/local/lib/python3.10/dist-packages/my_interface/my_interface_s__rosidl_typesupport_fastrtps_c.cpython-310-x86_64-linux-gnu.so
[5.215s] -- Up-to-date: /home/anthonyubuntu/Desktop/inmind/session9/Anthony-Moundalak-ROS2-AssignmentCPP-Session9/ros2_ws/install/my_interface/local/lib/python3.10/dist-packages/my_interface/my_interface_s__rosidl_typesupport_introspection_c.cpython-310-x86_64-linux-gnu.so
[5.215s] -- Up-to-date: /home/anthonyubuntu/Desktop/inmind/session9/Anthony-Moundalak-ROS2-AssignmentCPP-Session9/ros2_ws/install/my_interface/local/lib/python3.10/dist-packages/my_interface/my_interface_s__rosidl_typesupport_c.cpython-310-x86_64-linux-gnu.so
[5.216s] -- Up-to-date: /home/anthonyubuntu/Desktop/inmind/session9/Anthony-Moundalak-ROS2-AssignmentCPP-Session9/ros2_ws/install/my_interface/lib/libmy_interface__rosidl_generator_py.so
[5.216s] -- Up-to-date: /home/anthonyubuntu/Desktop/inmind/session9/Anthony-Moundalak-ROS2-AssignmentCPP-Session9/ros2_ws/install/my_interface/share/my_interface/action/MeasureLapTime.idl
[5.216s] -- Up-to-date: /home/anthonyubuntu/Desktop/inmind/session9/Anthony-Moundalak-ROS2-AssignmentCPP-Session9/ros2_ws/install/my_interface/share/my_interface/srv/FindClosestWall.idl
[5.217s] -- Up-to-date: /home/anthonyubuntu/Desktop/inmind/session9/Anthony-Moundalak-ROS2-AssignmentCPP-Session9/ros2_ws/install/my_interface/share/my_interface/action/MeasureLapTime.action
[5.217s] -- Up-to-date: /home/anthonyubuntu/Desktop/inmind/session9/Anthony-Moundalak-ROS2-AssignmentCPP-Session9/ros2_ws/install/my_interface/share/my_interface/srv/FindClosestWall.srv
[5.217s] -- Up-to-date: /home/anthonyubuntu/Desktop/inmind/session9/Anthony-Moundalak-ROS2-AssignmentCPP-Session9/ros2_ws/install/my_interface/share/my_interface/srv/FindClosestWall_Request.msg
[5.218s] -- Up-to-date: /home/anthonyubuntu/Desktop/inmind/session9/Anthony-Moundalak-ROS2-AssignmentCPP-Session9/ros2_ws/install/my_interface/share/my_interface/srv/FindClosestWall_Response.msg
[5.218s] -- Up-to-date: /home/anthonyubuntu/Desktop/inmind/session9/Anthony-Moundalak-ROS2-AssignmentCPP-Session9/ros2_ws/install/my_interface/share/ament_index/resource_index/package_run_dependencies/my_interface
[5.218s] -- Up-to-date: /home/anthonyubuntu/Desktop/inmind/session9/Anthony-Moundalak-ROS2-AssignmentCPP-Session9/ros2_ws/install/my_interface/share/ament_index/resource_index/parent_prefix_path/my_interface
[5.218s] -- Up-to-date: /home/anthonyubuntu/Desktop/inmind/session9/Anthony-Moundalak-ROS2-AssignmentCPP-Session9/ros2_ws/install/my_interface/share/my_interface/environment/ament_prefix_path.sh
[5.219s] -- Up-to-date: /home/anthonyubuntu/Desktop/inmind/session9/Anthony-Moundalak-ROS2-AssignmentCPP-Session9/ros2_ws/install/my_interface/share/my_interface/environment/ament_prefix_path.dsv
[5.219s] -- Up-to-date: /home/anthonyubuntu/Desktop/inmind/session9/Anthony-Moundalak-ROS2-AssignmentCPP-Session9/ros2_ws/install/my_interface/share/my_interface/environment/path.sh
[5.219s] -- Up-to-date: /home/anthonyubuntu/Desktop/inmind/session9/Anthony-Moundalak-ROS2-AssignmentCPP-Session9/ros2_ws/install/my_interface/share/my_interface/environment/path.dsv
[5.220s] -- Up-to-date: /home/anthonyubuntu/Desktop/inmind/session9/Anthony-Moundalak-ROS2-AssignmentCPP-Session9/ros2_ws/install/my_interface/share/my_interface/local_setup.bash
[5.220s] -- Up-to-date: /home/anthonyubuntu/Desktop/inmind/session9/Anthony-Moundalak-ROS2-AssignmentCPP-Session9/ros2_ws/install/my_interface/share/my_interface/local_setup.sh
[5.220s] -- Up-to-date: /home/anthonyubuntu/Desktop/inmind/session9/Anthony-Moundalak-ROS2-AssignmentCPP-Session9/ros2_ws/install/my_interface/share/my_interface/local_setup.zsh
[5.220s] -- Up-to-date: /home/anthonyubuntu/Desktop/inmind/session9/Anthony-Moundalak-ROS2-AssignmentCPP-Session9/ros2_ws/install/my_interface/share/my_interface/local_setup.dsv
[5.221s] -- Installing: /home/anthonyubuntu/Desktop/inmind/session9/Anthony-Moundalak-ROS2-AssignmentCPP-Session9/ros2_ws/install/my_interface/share/my_interface/package.dsv
[5.224s] -- Up-to-date: /home/anthonyubuntu/Desktop/inmind/session9/Anthony-Moundalak-ROS2-AssignmentCPP-Session9/ros2_ws/install/my_interface/share/ament_index/resource_index/packages/my_interface
[5.225s] -- Up-to-date: /home/anthonyubuntu/Desktop/inmind/session9/Anthony-Moundalak-ROS2-AssignmentCPP-Session9/ros2_ws/install/my_interface/share/my_interface/cmake/export_my_interface__rosidl_generator_cExport.cmake
[5.225s] -- Up-to-date: /home/anthonyubuntu/Desktop/inmind/session9/Anthony-Moundalak-ROS2-AssignmentCPP-Session9/ros2_ws/install/my_interface/share/my_interface/cmake/export_my_interface__rosidl_generator_cExport-noconfig.cmake
[5.229s] -- Up-to-date: /home/anthonyubuntu/Desktop/inmind/session9/Anthony-Moundalak-ROS2-AssignmentCPP-Session9/ros2_ws/install/my_interface/share/my_interface/cmake/export_my_interface__rosidl_typesupport_fastrtps_cExport.cmake
[5.229s] -- Up-to-date: /home/anthonyubuntu/Desktop/inmind/session9/Anthony-Moundalak-ROS2-AssignmentCPP-Session9/ros2_ws/install/my_interface/share/my_interface/cmake/export_my_interface__rosidl_typesupport_fastrtps_cExport-noconfig.cmake
[5.233s] -- Up-to-date: /home/anthonyubuntu/Desktop/inmind/session9/Anthony-Moundalak-ROS2-AssignmentCPP-Session9/ros2_ws/install/my_interface/share/my_interface/cmake/my_interface__rosidl_typesupport_introspection_cExport.cmake
[5.234s] -- Up-to-date: /home/anthonyubuntu/Desktop/inmind/session9/Anthony-Moundalak-ROS2-AssignmentCPP-Session9/ros2_ws/install/my_interface/share/my_interface/cmake/my_interface__rosidl_typesupport_introspection_cExport-noconfig.cmake
[5.235s] -- Up-to-date: /home/anthonyubuntu/Desktop/inmind/session9/Anthony-Moundalak-ROS2-AssignmentCPP-Session9/ros2_ws/install/my_interface/share/my_interface/cmake/my_interface__rosidl_typesupport_cExport.cmake
[5.235s] -- Up-to-date: /home/anthonyubuntu/Desktop/inmind/session9/Anthony-Moundalak-ROS2-AssignmentCPP-Session9/ros2_ws/install/my_interface/share/my_interface/cmake/my_interface__rosidl_typesupport_cExport-noconfig.cmake
[5.235s] -- Up-to-date: /home/anthonyubuntu/Desktop/inmind/session9/Anthony-Moundalak-ROS2-AssignmentCPP-Session9/ros2_ws/install/my_interface/share/my_interface/cmake/export_my_interface__rosidl_generator_cppExport.cmake
[5.238s] -- Up-to-date: /home/anthonyubuntu/Desktop/inmind/session9/Anthony-Moundalak-ROS2-AssignmentCPP-Session9/ros2_ws/install/my_interface/share/my_interface/cmake/export_my_interface__rosidl_typesupport_fastrtps_cppExport.cmake
[5.238s] -- Up-to-date: /home/anthonyubuntu/Desktop/inmind/session9/Anthony-Moundalak-ROS2-AssignmentCPP-Session9/ros2_ws/install/my_interface/share/my_interface/cmake/export_my_interface__rosidl_typesupport_fastrtps_cppExport-noconfig.cmake
[5.239s] -- Up-to-date: /home/anthonyubuntu/Desktop/inmind/session9/Anthony-Moundalak-ROS2-AssignmentCPP-Session9/ros2_ws/install/my_interface/share/my_interface/cmake/my_interface__rosidl_typesupport_introspection_cppExport.cmake
[5.239s] -- Up-to-date: /home/anthonyubuntu/Desktop/inmind/session9/Anthony-Moundalak-ROS2-AssignmentCPP-Session9/ros2_ws/install/my_interface/share/my_interface/cmake/my_interface__rosidl_typesupport_introspection_cppExport-noconfig.cmake
[5.240s] -- Up-to-date: /home/anthonyubuntu/Desktop/inmind/session9/Anthony-Moundalak-ROS2-AssignmentCPP-Session9/ros2_ws/install/my_interface/share/my_interface/cmake/my_interface__rosidl_typesupport_cppExport.cmake
[5.241s] -- Up-to-date: /home/anthonyubuntu/Desktop/inmind/session9/Anthony-Moundalak-ROS2-AssignmentCPP-Session9/ros2_ws/install/my_interface/share/my_interface/cmake/my_interface__rosidl_typesupport_cppExport-noconfig.cmake
[5.242s] -- Up-to-date: /home/anthonyubuntu/Desktop/inmind/session9/Anthony-Moundalak-ROS2-AssignmentCPP-Session9/ros2_ws/install/my_interface/share/my_interface/cmake/export_my_interface__rosidl_generator_pyExport.cmake
[5.243s] -- Up-to-date: /home/anthonyubuntu/Desktop/inmind/session9/Anthony-Moundalak-ROS2-AssignmentCPP-Session9/ros2_ws/install/my_interface/share/my_interface/cmake/export_my_interface__rosidl_generator_pyExport-noconfig.cmake
[5.243s] -- Up-to-date: /home/anthonyubuntu/Desktop/inmind/session9/Anthony-Moundalak-ROS2-AssignmentCPP-Session9/ros2_ws/install/my_interface/share/my_interface/cmake/rosidl_cmake-extras.cmake
[5.243s] -- Up-to-date: /home/anthonyubuntu/Desktop/inmind/session9/Anthony-Moundalak-ROS2-AssignmentCPP-Session9/ros2_ws/install/my_interface/share/my_interface/cmake/ament_cmake_export_dependencies-extras.cmake
[5.243s] -- Up-to-date: /home/anthonyubuntu/Desktop/inmind/session9/Anthony-Moundalak-ROS2-AssignmentCPP-Session9/ros2_ws/install/my_interface/share/my_interface/cmake/ament_cmake_export_include_directories-extras.cmake
[5.243s] -- Up-to-date: /home/anthonyubuntu/Desktop/inmind/session9/Anthony-Moundalak-ROS2-AssignmentCPP-Session9/ros2_ws/install/my_interface/share/my_interface/cmake/ament_cmake_export_libraries-extras.cmake
[5.243s] -- Up-to-date: /home/anthonyubuntu/Desktop/inmind/session9/Anthony-Moundalak-ROS2-AssignmentCPP-Session9/ros2_ws/install/my_interface/share/my_interface/cmake/ament_cmake_export_targets-extras.cmake
[5.243s] -- Up-to-date: /home/anthonyubuntu/Desktop/inmind/session9/Anthony-Moundalak-ROS2-AssignmentCPP-Session9/ros2_ws/install/my_interface/share/my_interface/cmake/rosidl_cmake_export_typesupport_targets-extras.cmake
[5.244s] -- Up-to-date: /home/anthonyubuntu/Desktop/inmind/session9/Anthony-Moundalak-ROS2-AssignmentCPP-Session9/ros2_ws/install/my_interface/share/my_interface/cmake/rosidl_cmake_export_typesupport_libraries-extras.cmake
[5.244s] -- Up-to-date: /home/anthonyubuntu/Desktop/inmind/session9/Anthony-Moundalak-ROS2-AssignmentCPP-Session9/ros2_ws/install/my_interface/share/my_interface/cmake/my_interfaceConfig.cmake
[5.246s] -- Up-to-date: /home/anthonyubuntu/Desktop/inmind/session9/Anthony-Moundalak-ROS2-AssignmentCPP-Session9/ros2_ws/install/my_interface/share/my_interface/cmake/my_interfaceConfig-version.cmake
[5.247s] -- Up-to-date: /home/anthonyubuntu/Desktop/inmind/session9/Anthony-Moundalak-ROS2-AssignmentCPP-Session9/ros2_ws/install/my_interface/share/my_interface/package.xml
[5.259s] Invoked command in '/home/anthonyubuntu/Desktop/inmind/session9/Anthony-Moundalak-ROS2-AssignmentCPP-Session9/ros2_ws/build/my_interface' returned '0': CMAKE_PREFIX_PATH=${CMAKE_PREFIX_PATH}:/opt/ros/humble /usr/bin/cmake --install /home/anthonyubuntu/Desktop/inmind/session9/Anthony-Moundalak-ROS2-AssignmentCPP-Session9/ros2_ws/build/my_interface
